TN:
SF:src\app.controller.ts
FN:6,(anonymous_2)
FN:9,(anonymous_3)
FNF:2
FNH:2
FNDA:1,(anonymous_2)
FNDA:1,(anonymous_3)
DA:1,1
DA:2,1
DA:5,1
DA:6,1
DA:9,1
DA:10,1
LF:6
LH:6
BRDA:6,0,0,1
BRDA:6,0,1,0
BRDA:6,1,0,1
BRDA:6,1,1,1
BRF:4
BRH:3
end_of_record
TN:
SF:src\app.module.ts
FN:68,(anonymous_1)
FNF:1
FNH:0
FNDA:0,(anonymous_1)
DA:1,0
DA:2,0
DA:3,0
DA:4,0
DA:5,0
DA:6,0
DA:7,0
DA:8,0
DA:9,0
DA:10,0
DA:12,0
DA:13,0
DA:14,0
DA:15,0
DA:16,0
DA:17,0
DA:18,0
DA:19,0
DA:20,0
DA:21,0
DA:22,0
DA:23,0
DA:24,0
DA:25,0
DA:27,0
DA:28,0
DA:29,0
DA:30,0
DA:31,0
DA:32,0
DA:33,0
DA:34,0
DA:36,0
DA:38,0
DA:40,0
DA:42,0
DA:44,0
DA:46,0
DA:48,0
DA:49,0
DA:51,0
DA:69,0
DA:70,0
DA:72,0
DA:73,0
DA:74,0
DA:82,0
DA:163,0
LF:48
LH:0
BRDA:69,0,0,0
BRDA:69,0,1,0
BRDA:86,1,0,0
BRDA:86,1,1,0
BRDA:88,2,0,0
BRDA:88,2,1,0
BRDA:89,3,0,0
BRDA:89,3,1,0
BRDA:90,4,0,0
BRDA:90,4,1,0
BRDA:91,5,0,0
BRDA:91,5,1,0
BRDA:95,6,0,0
BRDA:95,6,1,0
BRDA:97,7,0,0
BRDA:97,7,1,0
BRDA:102,8,0,0
BRDA:102,8,1,0
BRF:18
BRH:0
end_of_record
TN:
SF:src\app.service.ts
FN:5,(anonymous_1)
FNF:1
FNH:1
FNDA:1,(anonymous_1)
DA:1,1
DA:4,1
DA:6,1
LF:3
LH:3
BRF:0
BRH:0
end_of_record
TN:
SF:src\data-source.ts
FNF:0
FNH:0
DA:1,0
DA:2,0
DA:4,0
DA:6,0
LF:4
LH:0
BRDA:8,0,0,0
BRDA:8,0,1,0
BRDA:9,1,0,0
BRDA:9,1,1,0
BRDA:10,2,0,0
BRDA:10,2,1,0
BRDA:11,3,0,0
BRDA:11,3,1,0
BRDA:12,4,0,0
BRDA:12,4,1,0
BRF:10
BRH:0
end_of_record
TN:
SF:src\instrument.ts
FN:44,(anonymous_9)
FNF:1
FNH:0
FNDA:0,(anonymous_9)
DA:9,0
DA:10,0
DA:13,0
DA:14,0
DA:46,0
DA:47,0
DA:48,0
DA:50,0
DA:54,0
DA:56,0
DA:59,0
LF:11
LH:0
BRDA:13,0,0,0
BRDA:13,0,1,0
BRDA:13,1,0,0
BRDA:13,1,1,0
BRDA:19,2,0,0
BRDA:19,2,1,0
BRDA:24,3,0,0
BRDA:24,3,1,0
BRDA:31,4,0,0
BRDA:31,4,1,0
BRDA:46,5,0,0
BRDA:46,5,1,0
BRF:12
BRH:0
end_of_record
TN:
SF:src\main.ts
FN:27,runMigrations
FN:67,bootstrap
FN:79,(anonymous_3)
FNF:3
FNH:0
FNDA:0,runMigrations
FNDA:0,bootstrap
FNDA:0,(anonymous_3)
DA:2,0
DA:5,0
DA:14,0
DA:15,0
DA:16,0
DA:18,0
DA:19,0
DA:21,0
DA:22,0
DA:23,0
DA:24,0
DA:25,0
DA:28,0
DA:29,0
DA:30,0
DA:31,0
DA:32,0
DA:33,0
DA:35,0
DA:36,0
DA:51,0
DA:52,0
DA:53,0
DA:54,0
DA:55,0
DA:57,0
DA:59,0
DA:61,0
DA:69,0
DA:71,0
DA:74,0
DA:78,0
DA:79,0
DA:80,0
DA:84,0
DA:93,0
DA:94,0
DA:111,0
DA:114,0
DA:122,0
DA:125,0
DA:134,0
DA:137,0
DA:140,0
DA:190,0
DA:191,0
DA:202,0
DA:203,0
DA:204,0
DA:205,0
DA:206,0
DA:210,0
LF:52
LH:0
BRDA:29,0,0,0
BRDA:29,0,1,0
BRDA:31,1,0,0
BRDA:31,1,1,0
BRDA:40,2,0,0
BRDA:40,2,1,0
BRDA:42,3,0,0
BRDA:42,3,1,0
BRDA:43,4,0,0
BRDA:43,4,1,0
BRDA:44,5,0,0
BRDA:44,5,1,0
BRDA:45,6,0,0
BRDA:45,6,1,0
BRDA:49,7,0,0
BRDA:49,7,1,0
BRDA:53,8,0,0
BRDA:53,8,1,0
BRDA:94,9,0,0
BRDA:94,9,1,0
BRDA:111,10,0,0
BRDA:111,10,1,0
BRDA:202,11,0,0
BRDA:202,11,1,0
BRF:24
BRH:0
end_of_record
TN:
SF:src\common\common.module.ts
FN:13,(anonymous_1)
FNF:1
FNH:0
FNDA:0,(anonymous_1)
DA:1,0
DA:2,0
DA:3,0
DA:4,0
DA:5,0
DA:6,0
DA:13,0
DA:23,0
LF:8
LH:0
BRDA:15,0,0,0
BRDA:15,0,1,0
BRF:2
BRH:0
end_of_record
TN:
SF:src\common\index.ts
FNF:0
FNH:0
DA:8,0
DA:11,0
LF:2
LH:0
BRF:0
BRH:0
end_of_record
TN:
SF:src\common\config\swagger.config.ts
FN:9,setupSwagger
FN:90,(anonymous_1)
FNF:2
FNH:0
FNDA:0,setupSwagger
FNDA:0,(anonymous_1)
DA:1,0
DA:9,0
DA:10,0
DA:89,0
DA:90,0
DA:93,0
DA:117,0
LF:7
LH:0
BRF:0
BRH:0
end_of_record
TN:
SF:src\common\constants\roles.ts
FN:104,normalizeRole
FN:125,isAdminRole
FN:133,getRoleLevel
FNF:3
FNH:2
FNDA:6,normalizeRole
FNDA:6,isAdminRole
FNDA:0,getRoleLevel
DA:19,4
DA:35,4
DA:50,4
DA:59,4
DA:64,4
DA:79,4
DA:104,4
DA:105,6
DA:107,6
DA:110,6
DA:111,6
DA:115,0
DA:116,0
DA:119,0
DA:125,4
DA:126,6
DA:127,6
DA:133,4
DA:134,0
DA:135,0
LF:20
LH:15
BRDA:105,0,0,0
BRDA:105,0,1,6
BRDA:110,1,0,6
BRDA:110,1,1,0
BRDA:115,2,0,0
BRDA:115,2,1,0
BRDA:127,3,0,6
BRDA:127,3,1,6
BRDA:135,4,0,0
BRDA:135,4,1,0
BRF:10
BRH:4
end_of_record
TN:
SF:src\common\decorators\cache.decorator.ts
FN:28,(anonymous_0)
FN:33,(anonymous_1)
FN:43,(anonymous_2)
FN:89,(anonymous_3)
FN:90,(anonymous_4)
FN:97,(anonymous_5)
FNF:6
FNH:0
FNDA:0,(anonymous_0)
FNDA:0,(anonymous_1)
FNDA:0,(anonymous_2)
FNDA:0,(anonymous_3)
FNDA:0,(anonymous_4)
FNDA:0,(anonymous_5)
DA:1,0
DA:16,0
DA:17,0
DA:28,0
DA:33,0
DA:38,0
DA:39,0
DA:41,0
DA:43,0
DA:45,0
DA:50,0
DA:52,0
DA:56,0
DA:59,0
DA:60,0
DA:65,0
DA:68,0
DA:72,0
DA:79,0
DA:82,0
DA:89,0
DA:90,0
DA:95,0
DA:97,0
DA:98,0
DA:101,0
DA:102,0
DA:107,0
DA:112,0
DA:115,0
LF:30
LH:0
BRDA:30,0,0,0
BRDA:45,1,0,0
BRDA:45,1,1,0
BRDA:52,2,0,0
BRDA:52,2,1,0
BRDA:53,3,0,0
BRDA:53,3,1,0
BRDA:59,4,0,0
BRDA:59,4,1,0
BRDA:68,5,0,0
BRDA:68,5,1,0
BRDA:69,6,0,0
BRDA:69,6,1,0
BRDA:102,7,0,0
BRDA:102,7,1,0
BRDA:103,8,0,0
BRDA:103,8,1,0
BRF:17
BRH:0
end_of_record
TN:
SF:src\common\decorators\permissions.decorator.ts
FN:10,(anonymous_0)
FNF:1
FNH:0
FNDA:0,(anonymous_0)
DA:1,1
DA:3,1
DA:10,1
DA:11,0
LF:4
LH:3
BRF:0
BRH:0
end_of_record
TN:
SF:src\common\decorators\public.decorator.ts
FN:4,(anonymous_0)
FNF:1
FNH:0
FNDA:0,(anonymous_0)
DA:1,0
DA:3,0
DA:4,0
LF:3
LH:0
BRF:0
BRH:0
end_of_record
TN:
SF:src\common\decorators\roles.decorator.ts
FN:9,(anonymous_0)
FNF:1
FNH:0
FNDA:0,(anonymous_0)
DA:1,0
DA:3,0
DA:9,0
LF:3
LH:0
BRF:0
BRH:0
end_of_record
TN:
SF:src\common\dto\api-error.dto.ts
FN:90,getErrorMessage
FNF:1
FNH:0
FNDA:0,getErrorMessage
DA:13,0
DA:36,0
DA:62,0
DA:90,0
DA:94,0
DA:95,0
DA:96,0
DA:98,0
LF:8
LH:0
BRDA:92,0,0,0
BRDA:95,1,0,0
BRDA:95,1,1,0
BRDA:98,2,0,0
BRDA:98,2,1,0
BRF:5
BRH:0
end_of_record
TN:
SF:src\common\events\event-listeners.ts
FN:22,(anonymous_2)
FN:28,(anonymous_3)
FN:53,(anonymous_4)
FN:67,(anonymous_5)
FN:93,(anonymous_6)
FNF:5
FNH:5
FNDA:7,(anonymous_2)
FNDA:2,(anonymous_3)
FNDA:1,(anonymous_4)
FNDA:2,(anonymous_5)
FNDA:2,(anonymous_6)
DA:7,1
DA:8,1
DA:9,1
DA:16,1
DA:19,1
DA:20,7
DA:22,7
DA:28,1
DA:29,2
DA:34,2
DA:35,2
DA:36,1
DA:40,1
DA:44,0
DA:53,1
DA:54,1
DA:67,1
DA:68,2
DA:72,2
DA:73,1
DA:74,1
DA:79,0
DA:84,2
DA:85,1
DA:93,1
DA:94,2
DA:96,2
DA:97,2
DA:98,2
DA:102,0
LF:30
LH:27
BRDA:35,0,0,1
BRDA:35,0,1,1
BRDA:72,1,0,1
BRDA:72,1,1,1
BRDA:84,2,0,1
BRDA:84,2,1,1
BRDA:96,3,0,2
BRDA:96,3,1,0
BRDA:96,4,0,2
BRDA:96,4,1,1
BRDA:22,5,0,1
BRDA:22,5,1,0
BRDA:22,6,0,1
BRDA:22,6,1,1
BRF:14
BRH:12
end_of_record
TN:
SF:src\common\events\event-types.ts
FNF:0
FNH:0
DA:12,1
LF:1
LH:1
BRF:0
BRH:0
end_of_record
TN:
SF:src\common\events\events.module.ts
FNF:0
FNH:0
DA:1,0
DA:2,0
DA:3,0
DA:4,0
DA:26,0
LF:5
LH:0
BRF:0
BRH:0
end_of_record
TN:
SF:src\common\filters\all-exceptions.filter.ts
FN:39,(anonymous_1)
FN:80,(anonymous_2)
FN:90,(anonymous_3)
FN:122,(anonymous_4)
FN:160,(anonymous_5)
FN:182,(anonymous_6)
FN:203,(anonymous_7)
FNF:7
FNH:0
FNDA:0,(anonymous_1)
FNDA:0,(anonymous_2)
FNDA:0,(anonymous_3)
FNDA:0,(anonymous_4)
FNDA:0,(anonymous_5)
FNDA:0,(anonymous_6)
FNDA:0,(anonymous_7)
DA:10,0
DA:19,0
DA:20,0
DA:36,0
DA:37,0
DA:40,0
DA:41,0
DA:42,0
DA:45,0
DA:48,0
DA:51,0
DA:54,0
DA:57,0
DA:60,0
DA:71,0
DA:74,0
DA:81,0
DA:82,0
DA:84,0
DA:92,0
DA:93,0
DA:94,0
DA:95,0
DA:96,0
DA:97,0
DA:103,0
DA:105,0
DA:107,0
DA:109,0
DA:111,0
DA:113,0
DA:115,0
DA:124,0
DA:128,0
DA:132,0
DA:133,0
DA:134,0
DA:135,0
DA:137,0
DA:138,0
DA:139,0
DA:140,0
DA:142,0
DA:143,0
DA:149,0
DA:150,0
DA:154,0
DA:165,0
DA:166,0
DA:169,0
DA:170,0
DA:171,0
DA:174,0
DA:175,0
DA:177,0
DA:178,0
DA:182,0
DA:184,0
DA:185,0
DA:186,0
DA:192,0
DA:208,0
DA:209,0
DA:210,0
DA:211,0
DA:213,0
DA:215,0
DA:217,0
DA:221,0
DA:223,0
LF:70
LH:0
BRDA:64,0,0,0
BRDA:64,0,1,0
BRDA:81,1,0,0
BRDA:81,1,1,0
BRDA:92,2,0,0
BRDA:92,2,1,0
BRDA:94,3,0,0
BRDA:94,3,1,0
BRDA:94,4,0,0
BRDA:94,4,1,0
BRDA:96,5,0,0
BRDA:96,5,1,0
BRDA:96,6,0,0
BRDA:96,6,1,0
BRDA:103,7,0,0
BRDA:103,7,1,0
BRDA:103,7,2,0
BRDA:103,7,3,0
BRDA:103,7,4,0
BRDA:103,7,5,0
BRDA:124,8,0,0
BRDA:124,8,1,0
BRDA:125,9,0,0
BRDA:125,9,1,0
BRDA:132,10,0,0
BRDA:132,10,1,0
BRDA:134,11,0,0
BRDA:134,11,1,0
BRDA:137,12,0,0
BRDA:137,12,1,0
BRDA:137,13,0,0
BRDA:137,13,1,0
BRDA:139,14,0,0
BRDA:139,14,1,0
BRDA:142,15,0,0
BRDA:142,15,1,0
BRDA:149,16,0,0
BRDA:149,16,1,0
BRDA:165,17,0,0
BRDA:165,17,1,0
BRDA:170,18,0,0
BRDA:170,18,1,0
BRDA:170,19,0,0
BRDA:170,19,1,0
BRDA:177,20,0,0
BRDA:177,20,1,0
BRDA:185,21,0,0
BRDA:185,21,1,0
BRDA:211,22,0,0
BRDA:211,22,1,0
BRDA:215,23,0,0
BRDA:215,23,1,0
BRDA:219,24,0,0
BRDA:219,24,1,0
BRDA:221,25,0,0
BRDA:221,25,1,0
BRF:56
BRH:0
end_of_record
TN:
SF:src\common\filters\sentry-exception.filter.ts
FN:18,(anonymous_10)
FNF:1
FNH:0
FNDA:0,(anonymous_10)
DA:7,0
DA:13,0
DA:14,0
DA:17,0
DA:20,0
DA:21,0
DA:22,0
DA:25,0
DA:26,0
DA:34,0
DA:43,0
DA:48,0
DA:49,0
DA:54,0
LF:14
LH:0
BRDA:20,0,0,0
BRDA:20,0,1,0
BRDA:25,1,0,0
BRDA:25,1,1,0
BRDA:43,2,0,0
BRDA:43,2,1,0
BRDA:48,3,0,0
BRDA:48,3,1,0
BRF:8
BRH:0
end_of_record
TN:
SF:src\common\guards\jwt-auth.guard.ts
FN:16,(anonymous_4)
FN:22,(anonymous_5)
FN:60,(anonymous_6)
FNF:3
FNH:0
FNDA:0,(anonymous_4)
FNDA:0,(anonymous_5)
FNDA:0,(anonymous_6)
DA:1,0
DA:8,0
DA:9,0
DA:10,0
DA:12,0
DA:15,0
DA:17,0
DA:18,0
DA:19,0
DA:24,0
DA:28,0
DA:29,0
DA:32,0
DA:33,0
DA:35,0
DA:36,0
DA:39,0
DA:40,0
DA:44,0
DA:48,0
DA:50,0
DA:53,0
DA:62,0
DA:63,0
DA:64,0
DA:68,0
DA:69,0
LF:27
LH:0
BRDA:28,0,0,0
BRDA:28,0,1,0
BRDA:35,1,0,0
BRDA:35,1,1,0
BRDA:63,2,0,0
BRDA:63,2,1,0
BRDA:68,3,0,0
BRDA:68,3,1,0
BRDA:69,4,0,0
BRDA:69,4,1,0
BRDA:17,5,0,0
BRDA:17,5,1,0
BRDA:17,6,0,0
BRDA:17,6,1,0
BRDA:17,7,0,0
BRDA:17,7,1,0
BRDA:17,8,0,0
BRDA:17,8,1,0
BRDA:18,9,0,0
BRDA:18,9,1,0
BRDA:18,10,0,0
BRDA:18,10,1,0
BRF:22
BRH:0
end_of_record
TN:
SF:src\common\guards\ownership.guard.ts
FN:24,(anonymous_2)
FN:25,(anonymous_3)
FN:40,(anonymous_4)
FN:42,(anonymous_5)
FNF:4
FNH:0
FNDA:0,(anonymous_2)
FNDA:0,(anonymous_3)
FNDA:0,(anonymous_4)
FNDA:0,(anonymous_5)
DA:1,0
DA:8,0
DA:11,0
DA:12,0
DA:24,0
DA:25,0
DA:26,0
DA:27,0
DA:39,0
DA:40,0
DA:43,0
DA:49,0
DA:50,0
DA:53,0
DA:54,0
DA:55,0
DA:58,0
DA:59,0
DA:60,0
DA:64,0
DA:65,0
DA:81,0
DA:85,0
LF:23
LH:0
BRDA:49,0,0,0
BRDA:49,0,1,0
BRDA:58,1,0,0
BRDA:58,1,1,0
BRDA:59,2,0,0
BRDA:59,2,1,0
BRDA:59,3,0,0
BRDA:59,3,1,0
BRDA:64,4,0,0
BRDA:64,4,1,0
BRDA:40,5,0,0
BRDA:40,5,1,0
BRDA:40,6,0,0
BRDA:40,6,1,0
BRF:14
BRH:0
end_of_record
TN:
SF:src\common\guards\permission.guard.ts
FN:20,(anonymous_4)
FN:25,(anonymous_5)
FN:50,(anonymous_6)
FN:59,(anonymous_7)
FN:82,(anonymous_8)
FN:88,(anonymous_9)
FNF:6
FNH:6
FNDA:7,(anonymous_4)
FNDA:7,(anonymous_5)
FNDA:20,(anonymous_6)
FNDA:3,(anonymous_7)
FNDA:3,(anonymous_8)
FNDA:4,(anonymous_9)
DA:1,1
DA:7,1
DA:8,1
DA:9,1
DA:10,1
DA:19,1
DA:21,7
DA:22,7
DA:26,7
DA:32,7
DA:33,1
DA:36,6
DA:37,6
DA:39,6
DA:40,1
DA:43,5
DA:44,5
DA:47,5
DA:48,5
DA:50,20
DA:52,2
DA:56,3
DA:59,3
DA:61,3
DA:64,2
DA:65,2
DA:67,1
DA:70,3
DA:71,1
DA:74,1
DA:79,2
DA:83,3
DA:84,3
DA:88,4
DA:90,0
DA:91,0
LF:36
LH:34
BRDA:32,0,0,1
BRDA:32,0,1,6
BRDA:32,1,0,7
BRDA:32,1,1,6
BRDA:39,2,0,1
BRDA:39,2,1,5
BRDA:39,3,0,6
BRDA:39,3,1,1
BRDA:43,4,0,5
BRDA:43,4,1,0
BRDA:48,5,0,2
BRDA:48,5,1,3
BRDA:49,6,0,5
BRDA:49,6,1,4
BRDA:61,7,0,1
BRDA:61,7,1,2
BRDA:65,8,0,1
BRDA:65,8,1,1
BRDA:70,9,0,1
BRDA:70,9,1,2
BRDA:21,10,0,1
BRDA:21,10,1,0
BRDA:21,11,0,1
BRDA:21,11,1,1
BRDA:21,12,0,1
BRDA:21,12,1,0
BRDA:21,13,0,1
BRDA:21,13,1,1
BRF:28
BRH:25
end_of_record
TN:
SF:src\common\guards\roles.guard.ts
FN:23,(anonymous_2)
FN:25,(anonymous_3)
FN:55,(anonymous_4)
FN:59,(anonymous_5)
FNF:4
FNH:0
FNDA:0,(anonymous_2)
FNDA:0,(anonymous_3)
FNDA:0,(anonymous_4)
FNDA:0,(anonymous_5)
DA:1,0
DA:7,0
DA:8,0
DA:11,0
DA:22,0
DA:23,0
DA:26,0
DA:32,0
DA:33,0
DA:36,0
DA:38,0
DA:39,0
DA:40,0
DA:44,0
DA:48,0
DA:50,0
DA:53,0
DA:55,0
DA:59,0
DA:61,0
DA:63,0
DA:65,0
DA:66,0
DA:67,0
DA:70,0
DA:71,0
DA:74,0
DA:79,0
LF:28
LH:0
BRDA:32,0,0,0
BRDA:32,0,1,0
BRDA:32,1,0,0
BRDA:32,1,1,0
BRDA:38,2,0,0
BRDA:38,2,1,0
BRDA:50,3,0,0
BRDA:50,3,1,0
BRDA:61,4,0,0
BRDA:61,4,1,0
BRDA:63,5,0,0
BRDA:63,5,1,0
BRDA:65,6,0,0
BRDA:65,6,1,0
BRDA:66,7,0,0
BRDA:66,7,1,0
BRDA:70,8,0,0
BRDA:70,8,1,0
BRDA:23,9,0,0
BRDA:23,9,1,0
BRDA:23,10,0,0
BRDA:23,10,1,0
BRF:22
BRH:0
end_of_record
TN:
SF:src\common\health\health.controller.ts
FN:31,(anonymous_4)
FN:38,(anonymous_5)
FN:47,(anonymous_6)
FN:70,(anonymous_7)
FN:88,(anonymous_8)
FN:111,(anonymous_9)
FNF:6
FNH:0
FNDA:0,(anonymous_4)
FNDA:0,(anonymous_5)
FNDA:0,(anonymous_6)
FNDA:0,(anonymous_7)
FNDA:0,(anonymous_8)
FNDA:0,(anonymous_9)
DA:1,0
DA:2,0
DA:3,0
DA:28,0
DA:29,0
DA:31,0
DA:38,0
DA:39,0
DA:47,0
DA:48,0
DA:49,0
DA:51,0
DA:52,0
DA:54,0
DA:70,0
DA:73,0
DA:75,0
DA:89,0
DA:90,0
DA:91,0
DA:92,0
DA:101,0
DA:112,0
DA:113,0
DA:114,0
DA:115,0
DA:117,0
LF:27
LH:0
BRDA:51,0,0,0
BRDA:51,0,1,0
BRDA:52,1,0,0
BRDA:52,1,1,0
BRDA:55,2,0,0
BRDA:55,2,1,0
BRDA:55,3,0,0
BRDA:55,3,1,0
BRDA:57,4,0,0
BRDA:57,4,1,0
BRDA:118,5,0,0
BRDA:118,5,1,0
BRDA:38,6,0,0
BRDA:38,6,1,0
BRDA:38,7,0,0
BRDA:38,7,1,0
BRDA:47,8,0,0
BRDA:47,8,1,0
BRDA:47,9,0,0
BRDA:47,9,1,0
BRDA:70,10,0,0
BRDA:70,10,1,0
BRDA:70,11,0,0
BRDA:70,11,1,0
BRDA:31,12,0,0
BRDA:31,12,1,0
BRDA:31,13,0,0
BRDA:31,13,1,0
BRF:28
BRH:0
end_of_record
TN:
SF:src\common\health\health.module.ts
FNF:0
FNH:0
DA:1,0
DA:2,0
DA:7,0
LF:3
LH:0
BRF:0
BRH:0
end_of_record
TN:
SF:src\common\interceptors\audit-log.interceptor.ts
FN:97,(anonymous_1)
FN:141,(anonymous_2)
FN:158,(anonymous_3)
FN:187,(anonymous_4)
FN:196,(anonymous_5)
FN:205,(anonymous_6)
FNF:6
FNH:0
FNDA:0,(anonymous_1)
FNDA:0,(anonymous_2)
FNDA:0,(anonymous_3)
FNDA:0,(anonymous_4)
FNDA:0,(anonymous_5)
FNDA:0,(anonymous_6)
DA:1,0
DA:9,0
DA:22,0
DA:23,0
DA:26,0
DA:30,0
DA:31,0
DA:34,0
DA:98,0
DA:99,0
DA:100,0
DA:103,0
DA:106,0
DA:107,0
DA:111,0
DA:114,0
DA:139,0
DA:142,0
DA:145,0
DA:146,0
DA:149,0
DA:159,0
DA:162,0
DA:163,0
DA:164,0
DA:167,0
DA:177,0
DA:178,0
DA:180,0
DA:188,0
DA:189,0
DA:190,0
DA:193,0
DA:198,0
DA:206,0
DA:207,0
DA:209,0
DA:210,0
DA:211,0
DA:213,0
DA:214,0
DA:217,0
DA:220,0
LF:43
LH:0
BRDA:106,0,0,0
BRDA:106,0,1,0
BRDA:111,1,0,0
BRDA:111,1,1,0
BRDA:111,1,2,0
BRDA:126,2,0,0
BRDA:126,2,1,0
BRDA:126,2,2,0
BRDA:127,3,0,0
BRDA:127,3,1,0
BRDA:128,4,0,0
BRDA:128,4,1,0
BRDA:132,5,0,0
BRDA:132,5,1,0
BRDA:135,6,0,0
BRDA:135,6,1,0
BRDA:145,7,0,0
BRDA:145,7,1,0
BRDA:154,8,0,0
BRDA:154,8,1,0
BRDA:163,9,0,0
BRDA:163,9,1,0
BRDA:169,10,0,0
BRDA:169,10,1,0
BRDA:173,11,0,0
BRDA:173,11,1,0
BRDA:177,12,0,0
BRDA:177,12,1,0
BRDA:189,13,0,0
BRDA:189,13,1,0
BRDA:189,14,0,0
BRDA:189,14,1,0
BRDA:209,15,0,0
BRDA:209,15,1,0
BRDA:209,16,0,0
BRDA:209,16,1,0
BRDA:213,17,0,0
BRDA:213,17,1,0
BRF:38
BRH:0
end_of_record
TN:
SF:src\common\interceptors\audit.interceptor.ts
FN:39,(anonymous_4)
FN:50,(anonymous_5)
FN:57,(anonymous_6)
FN:79,(anonymous_7)
FN:105,(anonymous_8)
FNF:5
FNH:0
FNDA:0,(anonymous_4)
FNDA:0,(anonymous_5)
FNDA:0,(anonymous_6)
FNDA:0,(anonymous_7)
FNDA:0,(anonymous_8)
DA:1,0
DA:9,0
DA:10,0
DA:26,0
DA:39,0
DA:40,0
DA:49,0
DA:53,0
DA:54,0
DA:58,0
DA:59,0
DA:61,0
DA:65,0
DA:66,0
DA:70,0
DA:71,0
DA:74,0
DA:75,0
DA:76,0
DA:78,0
DA:80,0
DA:81,0
DA:82,0
DA:84,0
DA:99,0
DA:106,0
DA:108,0
DA:111,0
DA:113,0
DA:115,0
LF:30
LH:0
BRDA:61,0,0,0
BRDA:61,0,1,0
BRDA:65,1,0,0
BRDA:65,1,1,0
BRDA:65,2,0,0
BRDA:65,2,1,0
BRDA:70,3,0,0
BRDA:70,3,1,0
BRDA:82,4,0,0
BRDA:82,4,1,0
BRDA:86,5,0,0
BRDA:86,5,1,0
BRDA:86,5,2,0
BRDA:87,6,0,0
BRDA:87,6,1,0
BRDA:106,7,0,0
BRDA:106,7,1,0
BRDA:106,7,2,0
BRDA:106,7,3,0
BRDA:106,7,4,0
BRDA:54,8,0,0
BRDA:54,8,1,0
BRDA:54,9,0,0
BRDA:54,9,1,0
BRF:24
BRH:0
end_of_record
TN:
SF:src\common\interceptors\deprecation.interceptor.ts
FN:18,(anonymous_2)
FN:23,(anonymous_3)
FN:25,(anonymous_4)
FNF:3
FNH:0
FNDA:0,(anonymous_2)
FNDA:0,(anonymous_3)
FNDA:0,(anonymous_4)
DA:1,0
DA:9,0
DA:11,0
DA:18,0
DA:19,0
DA:22,0
DA:23,0
DA:26,0
DA:31,0
DA:32,0
DA:35,0
DA:36,0
DA:38,0
DA:39,0
DA:43,0
DA:49,0
LF:16
LH:0
BRDA:31,0,0,0
BRDA:31,0,1,0
BRDA:38,1,0,0
BRDA:38,1,1,0
BRDA:23,2,0,0
BRDA:23,2,1,0
BRDA:23,3,0,0
BRDA:23,3,1,0
BRF:8
BRH:0
end_of_record
TN:
SF:src\common\middleware\csrf.middleware.ts
FN:22,(anonymous_10)
FN:57,(anonymous_11)
FNF:2
FNH:0
FNDA:0,(anonymous_10)
FNDA:0,(anonymous_11)
DA:1,0
DA:3,0
DA:16,0
DA:17,0
DA:18,0
DA:19,0
DA:20,0
DA:24,0
DA:26,0
DA:27,0
DA:28,0
DA:38,0
DA:39,0
DA:43,0
DA:45,0
DA:46,0
DA:51,0
DA:54,0
DA:58,0
LF:19
LH:0
BRDA:26,0,0,0
BRDA:26,0,1,0
BRDA:38,1,0,0
BRDA:38,1,1,0
BRDA:45,2,0,0
BRDA:45,2,1,0
BRDA:45,3,0,0
BRDA:45,3,1,0
BRF:8
BRH:0
end_of_record
TN:
SF:src\common\services\audit-log.service.ts
FN:88,(anonymous_4)
FN:96,(anonymous_5)
FN:117,(anonymous_6)
FN:143,(anonymous_7)
FN:164,(anonymous_8)
FN:180,(anonymous_9)
FN:192,(anonymous_10)
FN:204,(anonymous_11)
FN:253,(anonymous_12)
FN:266,(anonymous_13)
FN:278,(anonymous_14)
FNF:11
FNH:0
FNDA:0,(anonymous_4)
FNDA:0,(anonymous_5)
FNDA:0,(anonymous_6)
FNDA:0,(anonymous_7)
FNDA:0,(anonymous_8)
FNDA:0,(anonymous_9)
FNDA:0,(anonymous_10)
FNDA:0,(anonymous_11)
FNDA:0,(anonymous_12)
FNDA:0,(anonymous_13)
FNDA:0,(anonymous_14)
DA:1,0
DA:2,0
DA:3,0
DA:4,0
DA:19,0
DA:21,0
DA:24,0
DA:34,0
DA:37,0
DA:40,0
DA:43,0
DA:46,0
DA:49,0
DA:52,0
DA:55,0
DA:58,0
DA:61,0
DA:64,0
DA:67,0
DA:70,0
DA:73,0
DA:76,0
DA:85,0
DA:86,0
DA:90,0
DA:103,0
DA:125,0
DA:127,0
DA:150,0
DA:169,0
DA:181,0
DA:193,0
DA:218,0
DA:220,0
DA:222,0
DA:223,0
DA:226,0
DA:227,0
DA:230,0
DA:231,0
DA:234,0
DA:235,0
DA:238,0
DA:239,0
DA:242,0
DA:243,0
DA:245,0
DA:247,0
DA:257,0
DA:267,0
DA:268,0
DA:269,0
DA:271,0
DA:283,0
DA:284,0
DA:289,0
DA:290,0
DA:291,0
DA:299,0
LF:59
LH:0
BRDA:52,0,0,0
BRDA:52,0,1,0
BRDA:52,1,0,0
BRDA:52,1,1,0
BRDA:55,2,0,0
BRDA:55,2,1,0
BRDA:55,3,0,0
BRDA:55,3,1,0
BRDA:76,4,0,0
BRDA:76,4,1,0
BRDA:76,5,0,0
BRDA:76,5,1,0
BRDA:211,6,0,0
BRDA:212,7,0,0
BRDA:222,8,0,0
BRDA:222,8,1,0
BRDA:226,9,0,0
BRDA:226,9,1,0
BRDA:230,10,0,0
BRDA:230,10,1,0
BRDA:234,11,0,0
BRDA:234,11,1,0
BRDA:238,12,0,0
BRDA:238,12,1,0
BRDA:290,13,0,0
BRDA:290,13,1,0
BRDA:90,14,0,0
BRDA:90,14,1,0
BRDA:90,15,0,0
BRDA:90,15,1,0
BRF:30
BRH:0
end_of_record
TN:
SF:src\common\services\cache.service.ts
FN:32,(anonymous_2)
FN:42,(anonymous_3)
FN:60,(anonymous_4)
FN:77,(anonymous_5)
FN:86,(anonymous_6)
FN:95,(anonymous_7)
FN:110,(anonymous_8)
FN:119,(anonymous_9)
FNF:8
FNH:0
FNDA:0,(anonymous_2)
FNDA:0,(anonymous_3)
FNDA:0,(anonymous_4)
FNDA:0,(anonymous_5)
FNDA:0,(anonymous_6)
FNDA:0,(anonymous_7)
FNDA:0,(anonymous_8)
FNDA:0,(anonymous_9)
DA:1,0
DA:2,0
DA:24,0
DA:25,0
DA:26,0
DA:32,0
DA:33,0
DA:47,0
DA:48,0
DA:49,0
DA:52,0
DA:53,0
DA:54,0
DA:62,0
DA:63,0
DA:64,0
DA:65,0
DA:66,0
DA:68,0
DA:70,0
DA:71,0
DA:78,0
DA:79,0
DA:80,0
DA:87,0
DA:88,0
DA:96,0
DA:97,0
DA:98,0
DA:99,0
DA:100,0
DA:101,0
DA:104,0
DA:111,0
DA:112,0
DA:113,0
DA:120,0
LF:37
LH:0
BRDA:45,0,0,0
BRDA:48,1,0,0
BRDA:48,1,1,0
BRDA:63,2,0,0
BRDA:63,2,1,0
BRDA:64,3,0,0
BRDA:64,3,1,0
BRDA:77,4,0,0
BRDA:99,5,0,0
BRDA:99,5,1,0
BRDA:32,6,0,0
BRDA:32,6,1,0
BRDA:32,7,0,0
BRDA:32,7,1,0
BRF:14
BRH:0
end_of_record
TN:
SF:src\common\services\encryption.service.ts
FN:37,(anonymous_11)
FN:57,(anonymous_12)
FN:83,(anonymous_13)
FN:105,(anonymous_14)
FN:113,(anonymous_15)
FN:123,(anonymous_16)
FN:133,(anonymous_17)
FN:146,(anonymous_18)
FN:156,(anonymous_19)
FN:166,(anonymous_20)
FN:177,(anonymous_21)
FN:187,(anonymous_22)
FN:204,(anonymous_23)
FN:215,(anonymous_24)
FN:222,(anonymous_25)
FN:234,(anonymous_26)
FN:235,(anonymous_27)
FN:237,(anonymous_28)
FNF:18
FNH:0
FNDA:0,(anonymous_11)
FNDA:0,(anonymous_12)
FNDA:0,(anonymous_13)
FNDA:0,(anonymous_14)
FNDA:0,(anonymous_15)
FNDA:0,(anonymous_16)
FNDA:0,(anonymous_17)
FNDA:0,(anonymous_18)
FNDA:0,(anonymous_19)
FNDA:0,(anonymous_20)
FNDA:0,(anonymous_21)
FNDA:0,(anonymous_22)
FNDA:0,(anonymous_23)
FNDA:0,(anonymous_24)
FNDA:0,(anonymous_25)
FNDA:0,(anonymous_26)
FNDA:0,(anonymous_27)
FNDA:0,(anonymous_28)
DA:1,0
DA:2,0
DA:3,0
DA:32,0
DA:33,0
DA:35,0
DA:37,0
DA:38,0
DA:40,0
DA:47,0
DA:48,0
DA:58,0
DA:59,0
DA:61,0
DA:67,0
DA:68,0
DA:70,0
DA:72,0
DA:84,0
DA:85,0
DA:86,0
DA:88,0
DA:94,0
DA:96,0
DA:97,0
DA:99,0
DA:106,0
DA:107,0
DA:114,0
DA:117,0
DA:124,0
DA:134,0
DA:135,0
DA:138,0
DA:139,0
DA:140,0
DA:147,0
DA:148,0
DA:150,0
DA:157,0
DA:158,0
DA:160,0
DA:167,0
DA:168,0
DA:169,0
DA:171,0
DA:178,0
DA:179,0
DA:181,0
DA:188,0
DA:189,0
DA:190,0
DA:194,0
DA:198,0
DA:205,0
DA:216,0
DA:223,0
DA:224,0
DA:225,0
DA:227,0
DA:234,0
DA:236,0
DA:238,0
LF:63
LH:0
BRDA:41,0,0,0
BRDA:41,0,1,0
BRDA:47,1,0,0
BRDA:47,1,1,0
BRDA:133,2,0,0
BRDA:133,3,0,0
BRDA:134,4,0,0
BRDA:134,4,1,0
BRDA:134,5,0,0
BRDA:134,5,1,0
BRDA:135,6,0,0
BRDA:135,6,1,0
BRDA:147,7,0,0
BRDA:147,7,1,0
BRDA:147,8,0,0
BRDA:147,8,1,0
BRDA:157,9,0,0
BRDA:157,9,1,0
BRDA:157,10,0,0
BRDA:157,10,1,0
BRDA:168,11,0,0
BRDA:168,11,1,0
BRDA:178,12,0,0
BRDA:178,12,1,0
BRDA:178,13,0,0
BRDA:178,13,1,0
BRDA:189,14,0,0
BRDA:189,14,1,0
BRDA:189,15,0,0
BRDA:189,15,1,0
BRDA:194,16,0,0
BRDA:194,16,1,0
BRDA:204,17,0,0
BRDA:223,18,0,0
BRDA:223,18,1,0
BRDA:223,19,0,0
BRDA:223,19,1,0
BRDA:37,20,0,0
BRDA:37,20,1,0
BRDA:37,21,0,0
BRDA:37,21,1,0
BRDA:236,22,0,0
BRDA:236,22,1,0
BRDA:238,23,0,0
BRDA:238,23,1,0
BRF:45
BRH:0
end_of_record
TN:
SF:src\common\services\query-optimizer.service.ts
FN:31,(anonymous_2)
FN:36,(anonymous_3)
FN:44,(anonymous_4)
FN:61,(anonymous_5)
FN:71,(anonymous_6)
FN:77,(anonymous_7)
FN:78,(anonymous_8)
FN:92,(anonymous_9)
FN:101,(anonymous_10)
FN:118,(anonymous_11)
FN:122,(anonymous_12)
FN:125,(anonymous_13)
FN:133,(anonymous_14)
FN:146,(anonymous_15)
FN:157,(anonymous_16)
FN:159,(anonymous_17)
FN:161,(anonymous_18)
FN:162,(anonymous_19)
FN:163,(anonymous_20)
FN:181,(anonymous_21)
FN:183,(anonymous_22)
FN:184,(anonymous_23)
FN:204,(anonymous_24)
FN:222,(anonymous_25)
FN:224,(anonymous_26)
FN:228,(anonymous_27)
FNF:26
FNH:0
FNDA:0,(anonymous_2)
FNDA:0,(anonymous_3)
FNDA:0,(anonymous_4)
FNDA:0,(anonymous_5)
FNDA:0,(anonymous_6)
FNDA:0,(anonymous_7)
FNDA:0,(anonymous_8)
FNDA:0,(anonymous_9)
FNDA:0,(anonymous_10)
FNDA:0,(anonymous_11)
FNDA:0,(anonymous_12)
FNDA:0,(anonymous_13)
FNDA:0,(anonymous_14)
FNDA:0,(anonymous_15)
FNDA:0,(anonymous_16)
FNDA:0,(anonymous_17)
FNDA:0,(anonymous_18)
FNDA:0,(anonymous_19)
FNDA:0,(anonymous_20)
FNDA:0,(anonymous_21)
FNDA:0,(anonymous_22)
FNDA:0,(anonymous_23)
FNDA:0,(anonymous_24)
FNDA:0,(anonymous_25)
FNDA:0,(anonymous_26)
FNDA:0,(anonymous_27)
DA:1,0
DA:2,0
DA:27,0
DA:28,0
DA:29,0
DA:31,0
DA:41,0
DA:42,0
DA:44,0
DA:45,0
DA:48,0
DA:49,0
DA:54,0
DA:61,0
DA:62,0
DA:65,0
DA:77,0
DA:78,0
DA:79,0
DA:100,0
DA:101,0
DA:102,0
DA:107,0
DA:108,0
DA:109,0
DA:112,0
DA:119,0
DA:122,0
DA:124,0
DA:125,0
DA:128,0
DA:129,0
DA:133,0
DA:140,0
DA:155,0
DA:157,0
DA:159,0
DA:160,0
DA:161,0
DA:162,0
DA:163,0
DA:164,0
DA:168,0
DA:169,0
DA:180,0
DA:181,0
DA:182,0
DA:183,0
DA:184,0
DA:187,0
DA:188,0
DA:198,0
DA:215,0
DA:216,0
DA:217,0
DA:219,0
DA:222,0
DA:224,0
DA:228,0
LF:59
LH:0
BRDA:48,0,0,0
BRDA:48,0,1,0
BRDA:48,1,0,0
BRDA:48,1,1,0
BRDA:61,2,0,0
BRDA:61,2,1,0
BRDA:100,3,0,0
BRDA:100,3,1,0
BRDA:107,4,0,0
BRDA:107,4,1,0
BRDA:125,5,0,0
BRDA:125,5,1,0
BRDA:128,6,0,0
BRDA:128,6,1,0
BRDA:160,7,0,0
BRDA:160,7,1,0
BRDA:168,8,0,0
BRDA:168,8,1,0
BRDA:182,9,0,0
BRDA:182,9,1,0
BRDA:187,10,0,0
BRDA:187,10,1,0
BRDA:31,11,0,0
BRDA:31,11,1,0
BRDA:31,12,0,0
BRDA:31,12,1,0
BRF:26
BRH:0
end_of_record
TN:
SF:src\common\services\sentry.service.ts
FN:38,(anonymous_2)
FN:52,(anonymous_3)
FN:85,(anonymous_4)
FN:97,(anonymous_5)
FN:102,(anonymous_6)
FN:107,(anonymous_7)
FN:126,(anonymous_8)
FN:146,(anonymous_9)
FN:148,(anonymous_10)
FN:158,(anonymous_11)
FN:161,(anonymous_12)
FN:168,(anonymous_13)
FN:186,(anonymous_14)
FN:200,(anonymous_15)
FN:222,(anonymous_16)
FNF:15
FNH:0
FNDA:0,(anonymous_2)
FNDA:0,(anonymous_3)
FNDA:0,(anonymous_4)
FNDA:0,(anonymous_5)
FNDA:0,(anonymous_6)
FNDA:0,(anonymous_7)
FNDA:0,(anonymous_8)
FNDA:0,(anonymous_9)
FNDA:0,(anonymous_10)
FNDA:0,(anonymous_11)
FNDA:0,(anonymous_12)
FNDA:0,(anonymous_13)
FNDA:0,(anonymous_14)
FNDA:0,(anonymous_15)
FNDA:0,(anonymous_16)
DA:1,0
DA:2,0
DA:33,0
DA:34,0
DA:36,0
DA:38,0
DA:39,0
DA:53,0
DA:54,0
DA:55,0
DA:58,0
DA:60,0
DA:62,0
DA:71,0
DA:72,0
DA:76,0
DA:89,0
DA:90,0
DA:91,0
DA:94,0
DA:95,0
DA:97,0
DA:98,0
DA:99,0
DA:101,0
DA:102,0
DA:103,0
DA:106,0
DA:107,0
DA:108,0
DA:111,0
DA:112,0
DA:116,0
DA:117,0
DA:119,0
DA:130,0
DA:131,0
DA:132,0
DA:135,0
DA:136,0
DA:137,0
DA:139,0
DA:147,0
DA:148,0
DA:151,0
DA:152,0
DA:153,0
DA:161,0
DA:173,0
DA:175,0
DA:176,0
DA:177,0
DA:187,0
DA:189,0
DA:190,0
DA:191,0
DA:206,0
DA:208,0
DA:209,0
DA:210,0
DA:223,0
LF:61
LH:0
BRDA:40,0,0,0
BRDA:40,0,1,0
BRDA:41,1,0,0
BRDA:41,1,1,0
BRDA:42,2,0,0
BRDA:42,2,1,0
BRDA:44,3,0,0
BRDA:44,3,1,0
BRDA:47,4,0,0
BRDA:47,4,1,0
BRDA:53,5,0,0
BRDA:53,5,1,0
BRDA:89,6,0,0
BRDA:89,6,1,0
BRDA:98,7,0,0
BRDA:98,7,1,0
BRDA:101,8,0,0
BRDA:101,8,1,0
BRDA:106,9,0,0
BRDA:106,9,1,0
BRDA:111,10,0,0
BRDA:111,10,1,0
BRDA:128,11,0,0
BRDA:130,12,0,0
BRDA:130,12,1,0
BRDA:147,13,0,0
BRDA:147,13,1,0
BRDA:173,14,0,0
BRDA:173,14,1,0
BRDA:187,15,0,0
BRDA:187,15,1,0
BRDA:206,16,0,0
BRDA:206,16,1,0
BRDA:38,17,0,0
BRDA:38,17,1,0
BRDA:38,18,0,0
BRDA:38,18,1,0
BRF:37
BRH:0
end_of_record
TN:
SF:src\common\types\index.ts
FNF:0
FNH:0
DA:1,0
LF:1
LH:0
BRF:0
BRH:0
end_of_record
TN:
SF:src\common\types\request.types.ts
FN:81,getErrorMessage
FNF:1
FNH:0
FNDA:0,getErrorMessage
DA:81,0
DA:82,0
DA:83,0
DA:84,0
LF:4
LH:0
BRDA:82,0,0,0
BRDA:82,0,1,0
BRDA:83,1,0,0
BRDA:83,1,1,0
BRF:4
BRH:0
end_of_record
TN:
SF:src\core\core.module.ts
FNF:0
FNH:0
DA:1,3
DA:2,3
DA:3,3
DA:4,3
DA:19,3
LF:5
LH:5
BRF:0
BRH:0
end_of_record
TN:
SF:src\core\index.ts
FN:2,(anonymous_4)
FN:5,(anonymous_5)
FN:8,(anonymous_6)
FN:12,(anonymous_7)
FN:13,(anonymous_8)
FN:14,(anonymous_9)
FN:21,(anonymous_10)
FNF:7
FNH:1
FNDA:0,(anonymous_4)
FNDA:0,(anonymous_5)
FNDA:6,(anonymous_6)
FNDA:0,(anonymous_7)
FNDA:0,(anonymous_8)
FNDA:0,(anonymous_9)
FNDA:0,(anonymous_10)
DA:2,3
DA:5,3
DA:8,9
DA:11,3
DA:12,3
DA:13,3
DA:14,3
DA:18,3
DA:21,3
LF:9
LH:9
BRF:0
BRH:0
end_of_record
TN:
SF:src\core\base\base.entity.ts
FNF:0
FNH:0
DA:1,3
DA:17,3
DA:19,3
DA:22,3
DA:25,3
DA:28,3
DA:31,3
DA:34,3
LF:8
LH:8
BRDA:22,0,0,3
BRDA:22,0,1,0
BRDA:22,1,0,3
BRDA:22,1,1,3
BRDA:25,2,0,3
BRDA:25,2,1,0
BRDA:25,3,0,3
BRDA:25,3,1,3
BRDA:28,4,0,3
BRDA:28,4,1,0
BRDA:28,5,0,3
BRDA:28,5,1,3
BRF:12
BRH:9
end_of_record
TN:
SF:src\core\errors\error-codes.ts
FN:24,(anonymous_0)
FN:34,(anonymous_1)
FN:226,createAppError
FNF:3
FNH:0
FNDA:0,(anonymous_0)
FNDA:0,(anonymous_1)
FNDA:0,createAppError
DA:18,3
DA:25,0
DA:26,0
DA:27,0
DA:28,0
DA:29,0
DA:30,0
DA:31,0
DA:35,0
DA:51,3
DA:87,3
DA:97,3
DA:111,3
DA:129,3
DA:160,3
DA:178,3
DA:204,3
DA:226,3
DA:231,0
DA:239,3
LF:20
LH:11
BRDA:29,0,0,0
BRDA:29,0,1,0
BRDA:40,1,0,0
BRDA:40,1,1,0
BRDA:233,2,0,0
BRDA:233,2,1,0
BRF:6
BRH:0
end_of_record
TN:
SF:src\core\errors\index.ts
FNF:0
FNH:0
DA:4,3
LF:1
LH:1
BRF:0
BRH:0
end_of_record
TN:
SF:src\core\id-generator\id-generator.service.ts
FN:16,(anonymous_2)
FN:23,(anonymous_3)
FN:36,(anonymous_4)
FN:65,(anonymous_5)
FNF:4
FNH:0
FNDA:0,(anonymous_2)
FNDA:0,(anonymous_3)
FNDA:0,(anonymous_4)
FNDA:0,(anonymous_5)
DA:1,3
DA:2,3
DA:12,3
DA:14,0
DA:16,0
DA:24,0
DA:25,0
DA:26,0
DA:28,0
DA:29,0
DA:38,0
DA:51,0
DA:52,0
DA:55,0
DA:56,0
DA:57,0
DA:66,0
DA:67,0
DA:68,0
DA:70,0
DA:75,0
DA:76,0
DA:77,0
DA:78,0
DA:81,0
LF:25
LH:3
BRDA:51,0,0,0
BRDA:51,0,1,0
BRDA:76,1,0,0
BRDA:76,1,1,0
BRDA:16,2,0,3
BRDA:16,2,1,0
BRDA:16,3,0,3
BRDA:16,3,1,3
BRF:8
BRH:3
end_of_record
TN:
SF:src\core\ownership\ownership.guard.ts
FN:23,(anonymous_2)
FN:25,(anonymous_3)
FN:72,checkResourceOwnership
FNF:3
FNH:0
FNDA:0,(anonymous_2)
FNDA:0,(anonymous_3)
FNDA:0,checkResourceOwnership
DA:1,3
DA:7,3
DA:8,3
DA:13,3
DA:22,3
DA:23,0
DA:26,0
DA:32,0
DA:33,0
DA:36,0
DA:37,0
DA:40,0
DA:41,0
DA:45,0
DA:46,0
DA:50,0
DA:51,0
DA:53,0
DA:57,0
DA:58,0
DA:59,0
DA:64,0
DA:72,3
DA:78,0
DA:79,0
DA:80,0
DA:81,0
LF:27
LH:6
BRDA:32,0,0,0
BRDA:32,0,1,0
BRDA:40,1,0,0
BRDA:40,1,1,0
BRDA:45,2,0,0
BRDA:45,2,1,0
BRDA:51,3,0,0
BRDA:51,3,1,0
BRDA:58,4,0,0
BRDA:58,4,1,0
BRDA:23,5,0,3
BRDA:23,5,1,0
BRDA:23,6,0,3
BRDA:23,6,1,3
BRDA:76,7,0,0
BRDA:78,8,0,0
BRDA:78,8,1,0
BRDA:78,9,0,0
BRDA:78,9,1,0
BRDA:79,10,0,0
BRDA:79,10,1,0
BRDA:80,11,0,0
BRDA:80,11,1,0
BRF:23
BRH:3
end_of_record
TN:
SF:src\core\services\feature-toggle.service.ts
FN:67,(anonymous_2)
FN:71,(anonymous_3)
FN:73,(anonymous_4)
FN:78,(anonymous_5)
FN:91,(anonymous_6)
FN:135,(anonymous_7)
FN:139,(anonymous_8)
FN:150,(anonymous_9)
FNF:8
FNH:0
FNDA:0,(anonymous_2)
FNDA:0,(anonymous_3)
FNDA:0,(anonymous_4)
FNDA:0,(anonymous_5)
FNDA:0,(anonymous_6)
FNDA:0,(anonymous_7)
FNDA:0,(anonymous_8)
FNDA:0,(anonymous_9)
DA:1,3
DA:2,3
DA:19,3
DA:20,0
DA:21,0
DA:24,0
DA:67,0
DA:68,0
DA:73,0
DA:74,0
DA:78,0
DA:79,0
DA:80,0
DA:81,0
DA:82,0
DA:88,0
DA:95,0
DA:97,0
DA:98,0
DA:99,0
DA:103,0
DA:104,0
DA:108,0
DA:109,0
DA:110,0
DA:115,0
DA:116,0
DA:117,0
DA:122,0
DA:126,0
DA:127,0
DA:128,0
DA:132,0
DA:136,0
DA:140,0
DA:141,0
DA:142,0
DA:143,0
DA:145,0
DA:146,0
DA:151,0
DA:152,0
DA:153,0
DA:154,0
DA:155,0
DA:157,0
LF:46
LH:3
BRDA:80,0,0,0
BRDA:80,0,1,0
BRDA:97,1,0,0
BRDA:97,1,1,0
BRDA:103,2,0,0
BRDA:103,2,1,0
BRDA:108,3,0,0
BRDA:108,3,1,0
BRDA:108,4,0,0
BRDA:108,4,1,0
BRDA:109,5,0,0
BRDA:109,5,1,0
BRDA:115,6,0,0
BRDA:115,6,1,0
BRDA:115,7,0,0
BRDA:115,7,1,0
BRDA:116,8,0,0
BRDA:116,8,1,0
BRDA:122,9,0,0
BRDA:122,9,1,0
BRDA:123,10,0,0
BRDA:123,10,1,0
BRDA:126,11,0,0
BRDA:126,11,1,0
BRDA:127,12,0,0
BRDA:127,12,1,0
BRDA:141,13,0,0
BRDA:141,13,1,0
BRDA:67,14,0,3
BRDA:67,14,1,0
BRDA:67,15,0,3
BRDA:67,15,1,3
BRF:32
BRH:3
end_of_record
TN:
SF:src\database\migrations\run-contact-migration.js
FN:7,runMigration
FN:29,(anonymous_1)
FNF:2
FNH:0
FNDA:0,runMigration
FNDA:0,(anonymous_1)
DA:5,0
DA:8,0
DA:17,0
DA:18,0
DA:19,0
DA:20,0
DA:23,0
DA:24,0
DA:29,0
DA:30,0
DA:33,0
DA:34,0
DA:35,0
DA:36,0
DA:40,0
DA:41,0
DA:43,0
DA:44,0
DA:45,0
DA:48,0
DA:49,0
DA:50,0
DA:51,0
DA:52,0
DA:69,0
DA:70,0
DA:72,0
DA:73,0
DA:76,0
DA:80,0
DA:81,0
DA:82,0
DA:83,0
DA:84,0
DA:101,0
DA:102,0
DA:104,0
DA:105,0
DA:108,0
DA:112,0
DA:113,0
DA:114,0
DA:115,0
DA:116,0
DA:132,0
DA:133,0
DA:135,0
DA:136,0
DA:139,0
DA:143,0
DA:144,0
DA:147,0
DA:148,0
DA:149,0
DA:150,0
DA:152,0
DA:153,0
DA:154,0
DA:157,0
DA:158,0
DA:159,0
DA:160,0
DA:163,0
DA:164,0
DA:165,0
DA:166,0
DA:168,0
DA:170,0
DA:171,0
DA:175,0
LF:70
LH:0
BRDA:9,0,0,0
BRDA:9,0,1,0
BRDA:10,1,0,0
BRDA:10,1,1,0
BRDA:11,2,0,0
BRDA:11,2,1,0
BRDA:12,3,0,0
BRDA:12,3,1,0
BRDA:48,4,0,0
BRDA:48,4,1,0
BRDA:80,5,0,0
BRDA:80,5,1,0
BRDA:112,6,0,0
BRDA:112,6,1,0
BRF:14
BRH:0
end_of_record
TN:
SF:src\migrations\1704672000001-CreatePlatformTenants.ts
FN:12,(anonymous_0)
FN:96,(anonymous_1)
FNF:2
FNH:0
FNDA:0,(anonymous_0)
FNDA:0,(anonymous_1)
DA:9,0
DA:10,0
DA:14,0
DA:30,0
DA:45,0
DA:58,0
DA:65,0
DA:72,0
DA:79,0
DA:88,0
DA:91,0
DA:97,0
DA:100,0
DA:103,0
DA:106,0
DA:109,0
DA:112,0
DA:115,0
DA:116,0
DA:117,0
LF:20
LH:0
BRF:0
BRH:0
end_of_record
TN:
SF:src\migrations\1704672000002-CreatePlatformCore.ts
FN:9,(anonymous_0)
FN:125,(anonymous_1)
FNF:2
FNH:0
FNDA:0,(anonymous_0)
FNDA:0,(anonymous_1)
DA:6,0
DA:7,0
DA:11,0
DA:34,0
DA:49,0
DA:64,0
DA:85,0
DA:105,0
DA:108,0
DA:111,0
DA:114,0
DA:117,0
DA:120,0
DA:126,0
DA:127,0
DA:128,0
DA:129,0
DA:130,0
DA:131,0
DA:132,0
DA:133,0
DA:134,0
DA:135,0
DA:136,0
LF:24
LH:0
BRF:0
BRH:0
end_of_record
TN:
SF:src\migrations\1704672000003-CreateBimDomain.ts
FN:10,(anonymous_0)
FN:123,(anonymous_1)
FNF:2
FNH:0
FNDA:0,(anonymous_0)
FNDA:0,(anonymous_1)
DA:7,0
DA:8,0
DA:12,0
DA:28,0
DA:44,0
DA:60,0
DA:73,0
DA:98,0
DA:109,0
DA:112,0
DA:115,0
DA:118,0
DA:124,0
DA:125,0
DA:128,0
DA:129,0
DA:130,0
DA:131,0
DA:132,0
DA:133,0
DA:134,0
DA:135,0
LF:22
LH:0
BRF:0
BRH:0
end_of_record
TN:
SF:src\migrations\1704672000004-CreateDroneOpsDomain.ts
FN:10,(anonymous_0)
FN:242,(anonymous_1)
FNF:2
FNH:0
FNDA:0,(anonymous_0)
FNDA:0,(anonymous_1)
DA:7,0
DA:8,0
DA:12,0
DA:31,0
DA:53,0
DA:80,0
DA:96,0
DA:111,0
DA:136,0
DA:152,0
DA:170,0
DA:194,0
DA:211,0
DA:228,0
DA:231,0
DA:234,0
DA:237,0
DA:243,0
DA:244,0
DA:247,0
DA:248,0
DA:251,0
DA:252,0
DA:253,0
DA:254,0
DA:255,0
DA:256,0
DA:257,0
DA:258,0
DA:259,0
DA:260,0
DA:261,0
LF:32
LH:0
BRF:0
BRH:0
end_of_record
TN:
SF:src\migrations\1704672000005-CreateConstructionDomain.ts
FN:10,(anonymous_0)
FN:209,(anonymous_1)
FNF:2
FNH:0
FNDA:0,(anonymous_0)
FNDA:0,(anonymous_1)
DA:7,0
DA:8,0
DA:12,0
DA:34,0
DA:43,0
DA:58,0
DA:79,0
DA:102,0
DA:120,0
DA:142,0
DA:159,0
DA:179,0
DA:198,0
DA:201,0
DA:204,0
DA:210,0
DA:211,0
DA:214,0
DA:215,0
DA:216,0
DA:217,0
DA:218,0
DA:219,0
DA:220,0
DA:221,0
DA:222,0
DA:223,0
DA:224,0
LF:28
LH:0
BRF:0
BRH:0
end_of_record
TN:
SF:src\migrations\1704672000006-CreateRbacTables.ts
FN:9,(anonymous_0)
FN:156,(anonymous_1)
FNF:2
FNH:0
FNDA:0,(anonymous_0)
FNDA:0,(anonymous_1)
DA:6,0
DA:7,0
DA:11,0
DA:23,0
DA:38,0
DA:47,0
DA:61,0
DA:98,0
DA:110,0
DA:148,0
DA:151,0
DA:157,0
DA:158,0
DA:159,0
DA:160,0
DA:161,0
DA:162,0
LF:17
LH:0
BRF:0
BRH:0
end_of_record
TN:
SF:src\migrations\1706700000000-CreateSmartHomeProducts.ts
FN:4,(anonymous_0)
FN:58,(anonymous_1)
FNF:2
FNH:0
FNDA:0,(anonymous_0)
FNDA:0,(anonymous_1)
DA:3,0
DA:6,0
DA:7,0
DA:8,0
DA:11,0
DA:14,0
DA:40,0
DA:45,0
DA:50,0
DA:55,0
DA:59,0
LF:11
LH:0
BRDA:7,0,0,0
BRDA:7,0,1,0
BRF:2
BRH:0
end_of_record
TN:
SF:src\migrations\1706900000000-AddPhase2Entities.ts
FN:6,(anonymous_0)
FN:403,(anonymous_1)
FNF:2
FNH:0
FNDA:0,(anonymous_0)
FNDA:0,(anonymous_1)
DA:1,0
DA:3,0
DA:4,0
DA:8,0
DA:9,0
DA:10,0
DA:80,0
DA:88,0
DA:98,0
DA:163,0
DA:208,0
DA:317,0
DA:394,0
DA:404,0
DA:405,0
DA:406,0
DA:407,0
DA:408,0
LF:18
LH:0
BRDA:9,0,0,0
BRDA:9,0,1,0
BRF:2
BRH:0
end_of_record
TN:
SF:src\migrations\1706950000000-AddPhase3Entities.ts
FN:6,(anonymous_0)
FN:391,(anonymous_1)
FNF:2
FNH:0
FNDA:0,(anonymous_0)
FNDA:0,(anonymous_1)
DA:1,0
DA:3,0
DA:4,0
DA:8,0
DA:104,0
DA:112,0
DA:121,0
DA:161,0
DA:313,0
DA:322,0
DA:381,0
DA:392,0
DA:393,0
DA:394,0
DA:395,0
LF:15
LH:0
BRF:0
BRH:0
end_of_record
TN:
SF:src\migrations\1706960000000-AddDriveFieldsToSitePhotos.ts
FN:9,(anonymous_0)
FN:34,(anonymous_1)
FNF:2
FNH:0
FNDA:0,(anonymous_0)
FNDA:0,(anonymous_1)
DA:6,0
DA:7,0
DA:11,0
DA:23,0
DA:28,0
DA:36,0
DA:39,0
DA:44,0
LF:8
LH:0
BRF:0
BRH:0
end_of_record
TN:
SF:src\migrations\1736871600000-CreateEventsTable.ts
FN:12,(anonymous_0)
FN:187,(anonymous_1)
FN:197,(anonymous_2)
FNF:3
FNH:0
FNDA:0,(anonymous_0)
FNDA:0,(anonymous_1)
FNDA:0,(anonymous_2)
DA:1,0
DA:9,0
DA:10,0
DA:13,0
DA:140,0
DA:141,0
DA:142,0
DA:154,0
DA:162,0
DA:170,0
DA:178,0
DA:189,0
DA:190,0
DA:191,0
DA:192,0
DA:195,0
DA:196,0
DA:197,0
DA:199,0
DA:200,0
DA:204,0
LF:21
LH:0
BRDA:141,0,0,0
BRDA:141,0,1,0
BRDA:199,1,0,0
BRDA:199,1,1,0
BRF:4
BRH:0
end_of_record
TN:
SF:src\migrations\1736956800000-CreateGoogleOAuthAccounts.ts
FN:11,(anonymous_0)
FN:117,(anonymous_1)
FNF:2
FNH:0
FNDA:0,(anonymous_0)
FNDA:0,(anonymous_1)
DA:6,0
DA:8,0
DA:9,0
DA:12,0
DA:108,0
DA:118,0
DA:122,0
LF:7
LH:0
BRF:0
BRH:0
end_of_record
TN:
SF:src\migrations\1737330000000-AddTaiwanInvoiceFields.ts
FN:12,(anonymous_0)
FN:270,(anonymous_1)
FN:277,(anonymous_2)
FNF:3
FNH:0
FNDA:0,(anonymous_0)
FNDA:0,(anonymous_1)
FNDA:0,(anonymous_2)
DA:1,0
DA:9,0
DA:10,0
DA:14,0
DA:15,0
DA:16,0
DA:17,0
DA:21,0
DA:222,0
DA:223,0
DA:224,0
DA:225,0
DA:226,0
DA:231,0
DA:244,0
DA:245,0
DA:246,0
DA:247,0
DA:249,0
DA:254,0
DA:255,0
DA:264,0
DA:266,0
DA:271,0
DA:272,0
DA:275,0
DA:276,0
DA:277,0
DA:279,0
DA:280,0
DA:284,0
DA:293,0
DA:294,0
DA:295,0
DA:297,0
DA:302,0
DA:340,0
DA:341,0
DA:342,0
DA:343,0
LF:40
LH:0
BRDA:15,0,0,0
BRDA:15,0,1,0
BRDA:224,1,0,0
BRDA:224,1,1,0
BRDA:272,2,0,0
BRDA:272,2,1,0
BRDA:279,3,0,0
BRDA:279,3,1,0
BRDA:342,4,0,0
BRDA:342,4,1,0
BRF:10
BRH:0
end_of_record
TN:
SF:src\migrations\1737398400000-UnifiedPlatformSchema.ts
FN:6,(anonymous_0)
FN:298,(anonymous_1)
FNF:2
FNH:0
FNDA:0,(anonymous_0)
FNDA:0,(anonymous_1)
DA:3,0
DA:4,0
DA:8,0
DA:39,0
DA:59,0
DA:96,0
DA:128,0
DA:149,0
DA:161,0
DA:180,0
DA:196,0
DA:215,0
DA:228,0
DA:237,0
DA:260,0
DA:263,0
DA:266,0
DA:269,0
DA:272,0
DA:275,0
DA:278,0
DA:281,0
DA:284,0
DA:287,0
DA:290,0
DA:293,0
DA:299,0
DA:300,0
DA:301,0
DA:302,0
DA:303,0
DA:304,0
DA:305,0
DA:306,0
DA:307,0
LF:35
LH:0
BRF:0
BRH:0
end_of_record
TN:
SF:src\migrations\1737398500000-AddVendorRatingSchema.ts
FN:18,(anonymous_0)
FN:142,(anonymous_1)
FNF:2
FNH:0
FNDA:0,(anonymous_0)
FNDA:0,(anonymous_1)
DA:1,0
DA:15,0
DA:16,0
DA:20,0
DA:32,0
DA:119,0
DA:126,0
DA:144,0
DA:150,0
DA:153,0
LF:10
LH:0
BRF:0
BRH:0
end_of_record
TN:
SF:src\migrations\1737849600000-CreateCmmDomain.ts
FN:12,(anonymous_0)
FN:147,(anonymous_1)
FNF:2
FNH:0
FNDA:0,(anonymous_0)
FNDA:0,(anonymous_1)
DA:9,0
DA:10,0
DA:14,0
DA:21,0
DA:27,0
DA:33,0
DA:41,0
DA:75,0
DA:78,0
DA:83,0
DA:113,0
DA:119,0
DA:138,0
DA:141,0
DA:149,0
DA:150,0
DA:151,0
DA:154,0
DA:155,0
DA:156,0
DA:157,0
LF:21
LH:0
BRF:0
BRH:0
end_of_record
TN:
SF:src\migrations\1737849700000-SeedCmmBuildingProfiles.ts
FN:10,(anonymous_0)
FN:107,(anonymous_1)
FNF:2
FNH:0
FNDA:0,(anonymous_0)
FNDA:0,(anonymous_1)
DA:7,0
DA:8,0
DA:12,0
DA:46,0
DA:65,0
DA:79,0
DA:108,0
DA:111,0
LF:8
LH:0
BRF:0
BRH:0
end_of_record
TN:
SF:src\migrations\1737936000000-CreateCmmTaxonomyAndRuns.ts
FN:6,(anonymous_0)
FN:267,(anonymous_1)
FNF:2
FNH:0
FNDA:0,(anonymous_0)
FNDA:0,(anonymous_1)
DA:3,0
DA:4,0
DA:12,0
DA:25,0
DA:40,0
DA:59,0
DA:72,0
DA:97,0
DA:114,0
DA:124,0
DA:148,0
DA:156,0
DA:175,0
DA:181,0
DA:193,0
DA:201,0
DA:214,0
DA:228,0
DA:236,0
DA:249,0
DA:256,0
DA:268,0
DA:269,0
DA:272,0
DA:275,0
DA:278,0
DA:279,0
DA:280,0
DA:281,0
DA:283,0
DA:289,0
LF:31
LH:0
BRF:0
BRH:0
end_of_record
TN:
SF:src\migrations\1738079700000-AddPermissionGuardPermissions.ts
FN:14,(anonymous_0)
FN:203,(anonymous_1)
FNF:2
FNH:0
FNDA:0,(anonymous_0)
FNDA:0,(anonymous_1)
DA:11,0
DA:12,0
DA:16,0
DA:98,0
DA:121,0
DA:143,0
DA:163,0
DA:174,0
DA:188,0
DA:205,0
DA:268,0
DA:269,0
DA:273,0
LF:13
LH:0
BRF:0
BRH:0
end_of_record
TN:
SF:src\migrations\1738080600000-AddDatabaseIndexes.ts
FN:19,(anonymous_0)
FN:39,(anonymous_1)
FN:354,(anonymous_2)
FNF:3
FNH:0
FNDA:0,(anonymous_0)
FNDA:0,(anonymous_1)
FNDA:0,(anonymous_2)
DA:9,0
DA:10,0
DA:13,0
DA:25,0
DA:26,0
DA:29,0
DA:30,0
DA:34,0
DA:43,0
DA:49,0
DA:55,0
DA:61,0
DA:71,0
DA:77,0
DA:83,0
DA:89,0
DA:99,0
DA:105,0
DA:111,0
DA:117,0
DA:123,0
DA:133,0
DA:139,0
DA:145,0
DA:151,0
DA:161,0
DA:167,0
DA:173,0
DA:179,0
DA:189,0
DA:195,0
DA:201,0
DA:211,0
DA:217,0
DA:223,0
DA:233,0
DA:239,0
DA:245,0
DA:255,0
DA:261,0
DA:267,0
DA:277,0
DA:283,0
DA:290,0
DA:300,0
DA:306,0
DA:316,0
DA:322,0
DA:328,0
DA:338,0
DA:344,0
DA:351,0
DA:356,0
DA:415,0
DA:416,0
LF:55
LH:0
BRDA:29,0,0,0
BRDA:29,0,1,0
BRDA:29,1,0,0
BRDA:29,1,1,0
BRF:4
BRH:0
end_of_record
TN:
SF:src\migrations\1738280000000-AddUserRolePermissions.ts
FN:17,(anonymous_0)
FN:75,(anonymous_1)
FNF:2
FNH:0
FNDA:0,(anonymous_0)
FNDA:0,(anonymous_1)
DA:11,0
DA:12,0
DA:15,0
DA:18,0
DA:20,0
DA:27,0
DA:65,0
DA:66,0
DA:70,0
DA:76,0
DA:95,0
DA:96,0
DA:97,0
LF:13
LH:0
BRDA:65,0,0,0
BRDA:65,0,1,0
BRDA:65,1,0,0
BRDA:65,1,1,0
BRF:4
BRH:0
end_of_record
TN:
SF:src\migrations\1738457400000-AddHighFrequencyIndexes.ts
FN:12,(anonymous_0)
FN:28,(anonymous_1)
FN:116,(anonymous_2)
FNF:3
FNH:0
FNDA:0,(anonymous_0)
FNDA:0,(anonymous_1)
FNDA:0,(anonymous_2)
DA:9,0
DA:10,0
DA:17,0
DA:18,0
DA:19,0
DA:20,0
DA:22,0
DA:23,0
DA:24,0
DA:29,0
DA:30,0
DA:33,0
DA:35,0
DA:37,0
DA:39,0
DA:41,0
DA:43,0
DA:46,0
DA:48,0
DA:50,0
DA:52,0
DA:55,0
DA:57,0
DA:60,0
DA:62,0
DA:64,0
DA:66,0
DA:69,0
DA:71,0
DA:73,0
DA:75,0
DA:78,0
DA:80,0
DA:82,0
DA:84,0
DA:87,0
DA:89,0
DA:91,0
DA:93,0
DA:96,0
DA:98,0
DA:100,0
DA:102,0
DA:105,0
DA:107,0
DA:109,0
DA:111,0
DA:113,0
DA:117,0
DA:129,0
DA:130,0
DA:131,0
DA:136,0
LF:53
LH:0
BRDA:22,0,0,0
BRDA:22,0,1,0
BRDA:33,1,0,0
BRDA:33,1,1,0
BRDA:37,2,0,0
BRDA:37,2,1,0
BRDA:41,3,0,0
BRDA:41,3,1,0
BRDA:46,4,0,0
BRDA:46,4,1,0
BRDA:50,5,0,0
BRDA:50,5,1,0
BRDA:55,6,0,0
BRDA:55,6,1,0
BRDA:60,7,0,0
BRDA:60,7,1,0
BRDA:64,8,0,0
BRDA:64,8,1,0
BRDA:69,9,0,0
BRDA:69,9,1,0
BRDA:73,10,0,0
BRDA:73,10,1,0
BRDA:78,11,0,0
BRDA:78,11,1,0
BRDA:82,12,0,0
BRDA:82,12,1,0
BRDA:87,13,0,0
BRDA:87,13,1,0
BRDA:91,14,0,0
BRDA:91,14,1,0
BRDA:96,15,0,0
BRDA:96,15,1,0
BRDA:100,16,0,0
BRDA:100,16,1,0
BRDA:105,17,0,0
BRDA:105,17,1,0
BRDA:109,18,0,0
BRDA:109,18,1,0
BRF:38
BRH:0
end_of_record
TN:
SF:src\migrations\1769510000000-CreateRegulationsTables.ts
FN:10,(anonymous_0)
FN:209,(anonymous_1)
FNF:2
FNH:0
FNDA:0,(anonymous_0)
FNDA:0,(anonymous_1)
DA:1,0
DA:9,0
DA:12,0
DA:70,0
DA:133,0
DA:144,0
DA:154,0
DA:198,0
DA:210,0
DA:211,0
DA:212,0
LF:11
LH:0
BRF:0
BRH:0
end_of_record
TN:
SF:src\migrations\1769760000000-EnhanceCustomersForClientsMerge.ts
FN:12,(anonymous_0)
FN:20,(anonymous_1)
FNF:2
FNH:0
FNDA:0,(anonymous_0)
FNDA:0,(anonymous_1)
DA:9,0
DA:10,0
DA:14,0
DA:21,0
LF:4
LH:0
BRF:0
BRH:0
end_of_record
TN:
SF:src\migrations\1769760100000-MigrateClientsToCustomers.ts
FN:13,(anonymous_0)
FN:63,(anonymous_1)
FNF:2
FNH:0
FNDA:0,(anonymous_0)
FNDA:0,(anonymous_1)
DA:10,0
DA:11,0
DA:15,0
DA:16,0
DA:17,0
DA:21,0
LF:6
LH:0
BRDA:16,0,0,0
BRDA:16,0,1,0
BRF:2
BRH:0
end_of_record
TN:
SF:src\migrations\1769760200000-CreateUnifiedContactsTable.ts
FN:4,(anonymous_0)
FN:103,(anonymous_1)
FNF:2
FNH:0
FNDA:0,(anonymous_0)
FNDA:0,(anonymous_1)
DA:3,0
DA:6,0
DA:34,0
DA:39,0
DA:45,0
DA:52,0
DA:104,0
LF:7
LH:0
BRF:0
BRH:0
end_of_record
TN:
SF:src\migrations\1769760300000-CreateNotificationEntities.ts
FN:4,(anonymous_0)
FN:88,(anonymous_1)
FNF:2
FNH:0
FNDA:0,(anonymous_0)
FNDA:0,(anonymous_1)
DA:3,0
DA:6,0
DA:24,0
DA:30,0
DA:53,0
DA:58,0
DA:63,0
DA:69,0
DA:89,0
DA:90,0
LF:10
LH:0
BRF:0
BRH:0
end_of_record
TN:
SF:src\migrations\1769760400000-CreateInsuranceTables.ts
FN:9,(anonymous_0)
FN:89,(anonymous_1)
FNF:2
FNH:0
FNDA:0,(anonymous_0)
FNDA:0,(anonymous_1)
DA:6,0
DA:7,0
DA:12,0
DA:15,0
DA:20,0
DA:37,0
DA:62,0
DA:65,0
DA:68,0
DA:71,0
DA:76,0
DA:90,0
DA:91,0
LF:13
LH:0
BRF:0
BRH:0
end_of_record
TN:
SF:src\migrations\1769760500000-CreateScheduleTables.ts
FN:9,(anonymous_0)
FN:112,(anonymous_1)
FNF:2
FNH:0
FNDA:0,(anonymous_0)
FNDA:0,(anonymous_1)
DA:6,0
DA:7,0
DA:11,0
DA:37,0
DA:49,0
DA:66,0
DA:70,0
DA:74,0
DA:78,0
DA:82,0
DA:88,0
DA:113,0
DA:114,0
DA:115,0
LF:14
LH:0
BRF:0
BRH:0
end_of_record
TN:
SF:src\migrations\1769760600000-CreateWasteTables.ts
FN:9,(anonymous_0)
FN:89,(anonymous_1)
FNF:2
FNH:0
FNDA:0,(anonymous_0)
FNDA:0,(anonymous_1)
DA:6,0
DA:7,0
DA:11,0
DA:51,0
DA:71,0
DA:75,0
DA:79,0
DA:83,0
DA:90,0
DA:91,0
LF:10
LH:0
BRF:0
BRH:0
end_of_record
TN:
SF:src\migrations\1769782800000-CreateWeatherAlertsTable.ts
FN:10,(anonymous_0)
FN:62,(anonymous_1)
FNF:2
FNH:0
FNDA:0,(anonymous_0)
FNDA:0,(anonymous_1)
DA:7,0
DA:8,0
DA:12,0
DA:26,0
DA:48,0
DA:52,0
DA:56,0
DA:63,0
DA:64,0
LF:9
LH:0
BRF:0
BRH:0
end_of_record
TN:
SF:src\modules\auth\auth.controller.ts
FN:34,(anonymous_4)
FN:49,(anonymous_5)
FN:82,(anonymous_6)
FN:96,(anonymous_7)
FN:105,(anonymous_8)
FN:114,(anonymous_9)
FN:143,(anonymous_10)
FN:158,(anonymous_11)
FN:189,(anonymous_12)
FN:216,(anonymous_13)
FNF:10
FNH:0
FNDA:0,(anonymous_4)
FNDA:0,(anonymous_5)
FNDA:0,(anonymous_6)
FNDA:0,(anonymous_7)
FNDA:0,(anonymous_8)
FNDA:0,(anonymous_9)
FNDA:0,(anonymous_10)
FNDA:0,(anonymous_11)
FNDA:0,(anonymous_12)
FNDA:0,(anonymous_13)
DA:1,0
DA:13,0
DA:19,0
DA:20,0
DA:22,0
DA:23,0
DA:24,0
DA:33,0
DA:35,0
DA:36,0
DA:49,0
DA:60,0
DA:63,0
DA:72,0
DA:82,0
DA:84,0
DA:92,0
DA:96,0
DA:97,0
DA:105,0
DA:106,0
DA:114,0
DA:115,0
DA:116,0
DA:117,0
DA:123,0
DA:143,0
DA:144,0
DA:145,0
DA:148,0
DA:149,0
DA:151,0
DA:152,0
DA:153,0
DA:157,0
DA:158,0
DA:161,0
DA:165,0
DA:189,0
DA:192,0
DA:193,0
DA:194,0
DA:198,0
DA:199,0
DA:200,0
DA:201,0
DA:206,0
DA:209,0
DA:210,0
DA:211,0
DA:215,0
DA:216,0
DA:219,0
DA:222,0
LF:54
LH:0
BRDA:145,0,0,0
BRDA:145,0,1,0
BRDA:151,1,0,0
BRDA:151,1,1,0
BRDA:193,2,0,0
BRDA:193,2,1,0
BRDA:194,3,0,0
BRDA:194,3,1,0
BRDA:194,3,2,0
BRDA:200,4,0,0
BRDA:200,4,1,0
BRDA:206,5,0,0
BRDA:206,5,1,0
BRDA:206,5,2,0
BRDA:224,6,0,0
BRDA:224,6,1,0
BRDA:224,6,2,0
BRDA:191,7,0,0
BRDA:191,7,1,0
BRDA:191,8,0,0
BRDA:191,8,1,0
BRDA:35,9,0,0
BRDA:35,9,1,0
BRDA:35,10,0,0
BRDA:35,10,1,0
BRDA:35,11,0,0
BRDA:35,11,1,0
BRDA:35,12,0,0
BRDA:35,12,1,0
BRF:29
BRH:0
end_of_record
TN:
SF:src\modules\auth\auth.module.ts
FN:13,(anonymous_1)
FNF:1
FNH:0
FNDA:0,(anonymous_1)
DA:1,0
DA:2,0
DA:3,0
DA:4,0
DA:5,0
DA:6,0
DA:13,0
DA:24,0
LF:8
LH:0
BRDA:15,0,0,0
BRDA:15,0,1,0
BRF:2
BRH:0
end_of_record
TN:
SF:src\modules\auth\auth.service.ts
FN:7,(anonymous_2)
FN:12,(anonymous_3)
FN:17,(anonymous_4)
FN:37,(anonymous_5)
FNF:4
FNH:0
FNDA:0,(anonymous_2)
FNDA:0,(anonymous_3)
FNDA:0,(anonymous_4)
FNDA:0,(anonymous_5)
DA:1,0
DA:2,0
DA:3,0
DA:6,0
DA:8,0
DA:9,0
DA:13,0
DA:14,0
DA:19,0
DA:25,0
DA:26,0
DA:45,0
DA:47,0
DA:49,0
DA:58,0
DA:59,0
LF:16
LH:0
BRDA:17,0,0,0
BRDA:47,1,0,0
BRDA:47,1,1,0
BRDA:58,2,0,0
BRDA:58,2,1,0
BRDA:8,3,0,0
BRDA:8,3,1,0
BRDA:8,4,0,0
BRDA:8,4,1,0
BRDA:8,5,0,0
BRDA:8,5,1,0
BRDA:8,6,0,0
BRDA:8,6,1,0
BRF:13
BRH:0
end_of_record
TN:
SF:src\modules\auth\permissions.dto.ts
FNF:0
FNH:0
DA:9,0
DA:52,0
DA:70,0
DA:176,0
LF:4
LH:0
BRF:0
BRH:0
end_of_record
TN:
SF:src\modules\bim\bim.module.ts
FNF:0
FNH:0
DA:1,0
DA:2,0
DA:3,0
DA:16,0
LF:4
LH:0
BRF:0
BRH:0
end_of_record
TN:
SF:src\modules\bim\ifc-parser.service.ts
FN:80,(anonymous_1)
FN:103,(anonymous_2)
FN:158,(anonymous_3)
FN:228,(anonymous_4)
FNF:4
FNH:0
FNDA:0,(anonymous_1)
FNDA:0,(anonymous_2)
FNDA:0,(anonymous_3)
FNDA:0,(anonymous_4)
DA:1,0
DA:69,0
DA:70,0
DA:81,0
DA:85,0
DA:89,0
DA:104,0
DA:114,0
DA:115,0
DA:117,0
DA:118,0
DA:119,0
DA:120,0
DA:122,0
DA:123,0
DA:124,0
DA:125,0
DA:127,0
DA:128,0
DA:129,0
DA:131,0
DA:132,0
DA:133,0
DA:134,0
DA:136,0
DA:137,0
DA:139,0
DA:141,0
DA:142,0
DA:143,0
DA:145,0
DA:147,0
DA:148,0
DA:152,0
DA:159,0
DA:160,0
DA:162,0
DA:163,0
DA:174,0
DA:175,0
DA:186,0
DA:187,0
DA:198,0
DA:199,0
DA:210,0
DA:211,0
DA:222,0
DA:229,0
LF:48
LH:0
BRDA:115,0,0,0
BRDA:115,0,1,0
BRDA:115,0,2,0
BRDA:115,0,3,0
BRDA:115,0,4,0
BRDA:115,0,5,0
BRDA:115,0,6,0
BRDA:118,1,0,0
BRDA:118,1,1,0
BRDA:119,2,0,0
BRDA:119,2,1,0
BRDA:123,3,0,0
BRDA:123,3,1,0
BRDA:124,4,0,0
BRDA:124,4,1,0
BRDA:128,5,0,0
BRDA:128,5,1,0
BRDA:132,6,0,0
BRDA:132,6,1,0
BRDA:133,7,0,0
BRDA:133,7,1,0
BRDA:138,8,0,0
BRDA:138,8,1,0
BRDA:142,9,0,0
BRDA:142,9,1,0
BRDA:144,10,0,0
BRDA:144,10,1,0
BRDA:162,11,0,0
BRDA:162,11,1,0
BRDA:174,12,0,0
BRDA:174,12,1,0
BRDA:186,13,0,0
BRDA:186,13,1,0
BRDA:198,14,0,0
BRDA:198,14,1,0
BRDA:210,15,0,0
BRDA:210,15,1,0
BRF:37
BRH:0
end_of_record
TN:
SF:src\modules\bim\issues\bim-issues.module.ts
FN:12,(anonymous_1)
FNF:1
FNH:0
FNDA:0,(anonymous_1)
DA:1,0
DA:2,0
DA:3,0
DA:4,0
DA:5,0
DA:12,0
DA:22,0
LF:7
LH:0
BRF:0
BRH:0
end_of_record
TN:
SF:src\modules\bim\issues\entities\bcf-issue.entity.ts
FN:33,(anonymous_2)
FN:40,(anonymous_3)
FN:81,(anonymous_4)
FN:91,(anonymous_5)
FN:123,(anonymous_6)
FN:123,(anonymous_7)
FN:138,(anonymous_8)
FN:138,(anonymous_9)
FNF:8
FNH:0
FNDA:0,(anonymous_2)
FNDA:0,(anonymous_3)
FNDA:0,(anonymous_4)
FNDA:0,(anonymous_5)
FNDA:0,(anonymous_6)
FNDA:0,(anonymous_7)
FNDA:0,(anonymous_8)
FNDA:0,(anonymous_9)
DA:1,0
DA:12,0
DA:13,0
DA:14,0
DA:15,0
DA:26,0
DA:28,0
DA:31,0
DA:33,0
DA:35,0
DA:38,0
DA:40,0
DA:42,0
DA:45,0
DA:48,0
DA:51,0
DA:62,0
DA:69,0
DA:76,0
DA:79,0
DA:81,0
DA:83,0
DA:86,0
DA:89,0
DA:91,0
DA:93,0
DA:99,0
DA:105,0
DA:108,0
DA:111,0
DA:114,0
DA:117,0
DA:120,0
DA:123,0
DA:124,0
DA:131,0
DA:133,0
DA:136,0
DA:138,0
DA:140,0
DA:143,0
DA:146,0
DA:149,0
LF:43
LH:0
BRDA:35,0,0,0
BRDA:35,0,1,0
BRDA:35,1,0,0
BRDA:35,1,1,0
BRDA:42,2,0,0
BRDA:42,2,1,0
BRDA:42,3,0,0
BRDA:42,3,1,0
BRDA:83,4,0,0
BRDA:83,4,1,0
BRDA:83,5,0,0
BRDA:83,5,1,0
BRDA:86,6,0,0
BRDA:86,6,1,0
BRDA:86,7,0,0
BRDA:86,7,1,0
BRDA:93,8,0,0
BRDA:93,8,1,0
BRDA:93,9,0,0
BRDA:93,9,1,0
BRDA:111,10,0,0
BRDA:111,10,1,0
BRDA:111,11,0,0
BRDA:111,11,1,0
BRDA:114,12,0,0
BRDA:114,12,1,0
BRDA:114,13,0,0
BRDA:114,13,1,0
BRDA:117,14,0,0
BRDA:117,14,1,0
BRDA:117,15,0,0
BRDA:117,15,1,0
BRDA:149,16,0,0
BRDA:149,16,1,0
BRDA:149,17,0,0
BRDA:149,17,1,0
BRF:36
BRH:0
end_of_record
TN:
SF:src\modules\bim\issues\entities\index.ts
FNF:0
FNH:0
DA:1,0
LF:1
LH:0
BRF:0
BRH:0
end_of_record
TN:
SF:src\modules\bim\models\bim-models.module.ts
FN:17,(anonymous_1)
FNF:1
FNH:0
FNDA:0,(anonymous_1)
DA:1,0
DA:2,0
DA:3,0
DA:4,0
DA:5,0
DA:17,0
DA:27,0
LF:7
LH:0
BRF:0
BRH:0
end_of_record
TN:
SF:src\modules\bim\models\entities\bim-model.entity.ts
FN:26,(anonymous_2)
FN:63,(anonymous_3)
FN:63,(anonymous_4)
FN:80,(anonymous_5)
FN:80,(anonymous_6)
FN:116,(anonymous_7)
FN:116,(anonymous_8)
FN:133,(anonymous_9)
FN:133,(anonymous_10)
FN:162,(anonymous_11)
FN:162,(anonymous_12)
FN:179,(anonymous_13)
FN:179,(anonymous_14)
FNF:13
FNH:0
FNDA:0,(anonymous_2)
FNDA:0,(anonymous_3)
FNDA:0,(anonymous_4)
FNDA:0,(anonymous_5)
FNDA:0,(anonymous_6)
FNDA:0,(anonymous_7)
FNDA:0,(anonymous_8)
FNDA:0,(anonymous_9)
FNDA:0,(anonymous_10)
FNDA:0,(anonymous_11)
FNDA:0,(anonymous_12)
FNDA:0,(anonymous_13)
FNDA:0,(anonymous_14)
DA:1,0
DA:11,0
DA:19,0
DA:21,0
DA:24,0
DA:26,0
DA:28,0
DA:31,0
DA:42,0
DA:45,0
DA:48,0
DA:51,0
DA:54,0
DA:57,0
DA:60,0
DA:63,0
DA:64,0
DA:73,0
DA:75,0
DA:78,0
DA:80,0
DA:82,0
DA:85,0
DA:88,0
DA:98,0
DA:101,0
DA:104,0
DA:107,0
DA:110,0
DA:113,0
DA:116,0
DA:117,0
DA:126,0
DA:128,0
DA:131,0
DA:133,0
DA:135,0
DA:138,0
DA:141,0
DA:144,0
DA:147,0
DA:150,0
DA:153,0
DA:156,0
DA:159,0
DA:162,0
DA:163,0
DA:172,0
DA:174,0
DA:177,0
DA:179,0
DA:181,0
DA:192,0
DA:195,0
DA:198,0
DA:201,0
DA:204,0
LF:57
LH:0
BRDA:28,0,0,0
BRDA:28,0,1,0
BRDA:28,1,0,0
BRDA:28,1,1,0
BRDA:57,2,0,0
BRDA:57,2,1,0
BRDA:57,3,0,0
BRDA:57,3,1,0
BRDA:60,4,0,0
BRDA:60,4,1,0
BRDA:60,5,0,0
BRDA:60,5,1,0
BRDA:113,6,0,0
BRDA:113,6,1,0
BRDA:113,7,0,0
BRDA:113,7,1,0
BRDA:159,8,0,0
BRDA:159,8,1,0
BRDA:159,9,0,0
BRDA:159,9,1,0
BRDA:204,10,0,0
BRDA:204,10,1,0
BRDA:204,11,0,0
BRDA:204,11,1,0
BRF:24
BRH:0
end_of_record
TN:
SF:src\modules\bim\models\entities\index.ts
FNF:0
FNH:0
DA:1,0
LF:1
LH:0
BRF:0
BRH:0
end_of_record
TN:
SF:src\modules\change-orders\change-order.dto.ts
FN:66,(anonymous_2)
FN:91,(anonymous_3)
FNF:2
FNH:0
FNDA:0,(anonymous_2)
FNDA:0,(anonymous_3)
DA:1,0
DA:9,0
DA:11,0
DA:14,0
DA:18,0
DA:22,0
DA:26,0
DA:30,0
DA:33,0
DA:36,0
DA:40,0
DA:43,0
DA:45,0
DA:49,0
DA:53,0
DA:57,0
DA:61,0
DA:66,0
DA:67,0
DA:70,0
DA:74,0
DA:78,0
DA:82,0
DA:86,0
DA:91,0
DA:92,0
LF:26
LH:0
BRF:0
BRH:0
end_of_record
TN:
SF:src\modules\change-orders\change-order.entity.ts
FN:22,(anonymous_2)
FN:29,(anonymous_3)
FN:69,(anonymous_4)
FN:69,(anonymous_5)
FN:83,(anonymous_6)
FN:83,(anonymous_7)
FNF:6
FNH:0
FNDA:0,(anonymous_2)
FNDA:0,(anonymous_3)
FNDA:0,(anonymous_4)
FNDA:0,(anonymous_5)
FNDA:0,(anonymous_6)
FNDA:0,(anonymous_7)
DA:1,0
DA:11,0
DA:12,0
DA:15,0
DA:17,0
DA:20,0
DA:22,0
DA:24,0
DA:27,0
DA:29,0
DA:31,0
DA:34,0
DA:37,0
DA:40,0
DA:43,0
DA:46,0
DA:49,0
DA:52,0
DA:55,0
DA:58,0
DA:61,0
DA:64,0
DA:67,0
DA:69,0
DA:72,0
DA:76,0
DA:78,0
DA:81,0
DA:83,0
DA:85,0
DA:88,0
DA:91,0
DA:94,0
DA:97,0
DA:100,0
DA:109,0
DA:112,0
DA:115,0
LF:38
LH:0
BRDA:24,0,0,0
BRDA:24,0,1,0
BRDA:24,1,0,0
BRDA:24,1,1,0
BRDA:31,2,0,0
BRDA:31,2,1,0
BRDA:31,3,0,0
BRDA:31,3,1,0
BRDA:52,4,0,0
BRDA:52,4,1,0
BRDA:52,5,0,0
BRDA:52,5,1,0
BRDA:61,6,0,0
BRDA:61,6,1,0
BRDA:61,7,0,0
BRDA:61,7,1,0
BRDA:67,8,0,0
BRDA:67,8,1,0
BRDA:67,9,0,0
BRDA:67,9,1,0
BRF:20
BRH:0
end_of_record
TN:
SF:src\modules\change-orders\change-orders.controller.ts
FN:25,(anonymous_4)
FN:30,(anonymous_5)
FN:41,(anonymous_6)
FN:48,(anonymous_7)
FN:57,(anonymous_8)
FN:67,(anonymous_9)
FN:73,(anonymous_10)
FN:79,(anonymous_11)
FNF:8
FNH:0
FNDA:0,(anonymous_4)
FNDA:0,(anonymous_5)
FNDA:0,(anonymous_6)
FNDA:0,(anonymous_7)
FNDA:0,(anonymous_8)
FNDA:0,(anonymous_9)
FNDA:0,(anonymous_10)
FNDA:0,(anonymous_11)
DA:1,0
DA:12,0
DA:14,0
DA:15,0
DA:16,0
DA:17,0
DA:18,0
DA:24,0
DA:25,0
DA:30,0
DA:35,0
DA:41,0
DA:42,0
DA:48,0
DA:52,0
DA:57,0
DA:62,0
DA:67,0
DA:68,0
DA:73,0
DA:74,0
DA:79,0
DA:84,0
LF:23
LH:0
BRDA:49,0,0,0
BRDA:49,0,1,0
BRDA:49,1,0,0
BRDA:49,1,1,0
BRDA:59,2,0,0
BRDA:59,2,1,0
BRDA:59,3,0,0
BRDA:59,3,1,0
BRDA:25,4,0,0
BRDA:25,4,1,0
BRDA:25,5,0,0
BRDA:25,5,1,0
BRF:12
BRH:0
end_of_record
TN:
SF:src\modules\change-orders\change-orders.module.ts
FNF:0
FNH:0
DA:1,0
DA:2,0
DA:3,0
DA:4,0
DA:5,0
DA:6,0
DA:17,0
LF:7
LH:0
BRF:0
BRH:0
end_of_record
TN:
SF:src\modules\change-orders\change-orders.service.ts
FN:14,(anonymous_4)
FN:22,(anonymous_5)
FN:39,(anonymous_6)
FN:50,(anonymous_7)
FN:65,(anonymous_8)
FN:74,(anonymous_9)
FN:100,(anonymous_10)
FN:114,(anonymous_11)
FN:125,(anonymous_12)
FN:136,(anonymous_13)
FN:147,(anonymous_14)
FN:170,(anonymous_15)
FN:186,(anonymous_16)
FN:205,(anonymous_17)
FNF:14
FNH:0
FNDA:0,(anonymous_4)
FNDA:0,(anonymous_5)
FNDA:0,(anonymous_6)
FNDA:0,(anonymous_7)
FNDA:0,(anonymous_8)
FNDA:0,(anonymous_9)
FNDA:0,(anonymous_10)
FNDA:0,(anonymous_11)
FNDA:0,(anonymous_12)
FNDA:0,(anonymous_13)
FNDA:0,(anonymous_14)
FNDA:0,(anonymous_15)
FNDA:0,(anonymous_16)
FNDA:0,(anonymous_17)
DA:1,0
DA:6,0
DA:7,0
DA:8,0
DA:10,0
DA:13,0
DA:16,0
DA:18,0
DA:19,0
DA:27,0
DA:28,0
DA:29,0
DA:30,0
DA:32,0
DA:40,0
DA:44,0
DA:45,0
DA:47,0
DA:54,0
DA:56,0
DA:57,0
DA:60,0
DA:61,0
DA:65,0
DA:73,0
DA:74,0
DA:78,0
DA:91,0
DA:93,0
DA:94,0
DA:97,0
DA:105,0
DA:107,0
DA:108,0
DA:111,0
DA:112,0
DA:114,0
DA:122,0
DA:124,0
DA:125,0
DA:128,0
DA:131,0
DA:132,0
DA:133,0
DA:137,0
DA:139,0
DA:140,0
DA:143,0
DA:144,0
DA:148,0
DA:150,0
DA:151,0
DA:154,0
DA:155,0
DA:156,0
DA:159,0
DA:160,0
DA:161,0
DA:163,0
DA:167,0
DA:175,0
DA:177,0
DA:178,0
DA:181,0
DA:182,0
DA:183,0
DA:187,0
DA:188,0
DA:190,0
DA:196,0
DA:197,0
DA:198,0
DA:199,0
DA:202,0
DA:206,0
DA:209,0
LF:76
LH:0
BRDA:28,0,0,0
BRDA:28,0,1,0
BRDA:29,1,0,0
BRDA:29,1,1,0
BRDA:30,2,0,0
BRDA:30,2,1,0
BRDA:44,3,0,0
BRDA:44,3,1,0
BRDA:56,4,0,0
BRDA:56,4,1,0
BRDA:65,5,0,0
BRDA:65,5,1,0
BRDA:86,6,0,0
BRDA:86,6,1,0
BRDA:93,7,0,0
BRDA:93,7,1,0
BRDA:107,8,0,0
BRDA:107,8,1,0
BRDA:111,9,0,0
BRDA:111,9,1,0
BRDA:139,10,0,0
BRDA:139,10,1,0
BRDA:150,11,0,0
BRDA:150,11,1,0
BRDA:156,12,0,0
BRDA:156,12,1,0
BRDA:177,13,0,0
BRDA:177,13,1,0
BRDA:182,14,0,0
BRDA:182,14,1,0
BRDA:197,15,0,0
BRDA:197,15,1,0
BRDA:16,16,0,0
BRDA:16,16,1,0
BRDA:16,17,0,0
BRDA:16,17,1,0
BRDA:16,18,0,0
BRDA:16,18,1,0
BRDA:16,19,0,0
BRDA:16,19,1,0
BRDA:18,20,0,0
BRDA:18,20,1,0
BRDA:18,21,0,0
BRDA:18,21,1,0
BRF:44
BRH:0
end_of_record
TN:
SF:src\modules\cmm\ai-pricing.service.ts
FN:190,(anonymous_1)
FN:197,(anonymous_2)
FN:234,(anonymous_3)
FN:238,(anonymous_4)
FN:241,(anonymous_5)
FN:243,(anonymous_6)
FN:244,(anonymous_7)
FN:259,(anonymous_8)
FN:263,(anonymous_9)
FN:264,(anonymous_10)
FN:279,(anonymous_11)
FN:286,(anonymous_12)
FN:295,(anonymous_13)
FN:311,(anonymous_14)
FN:315,(anonymous_15)
FN:326,(anonymous_16)
FN:351,(anonymous_17)
FNF:17
FNH:0
FNDA:0,(anonymous_1)
FNDA:0,(anonymous_2)
FNDA:0,(anonymous_3)
FNDA:0,(anonymous_4)
FNDA:0,(anonymous_5)
FNDA:0,(anonymous_6)
FNDA:0,(anonymous_7)
FNDA:0,(anonymous_8)
FNDA:0,(anonymous_9)
FNDA:0,(anonymous_10)
FNDA:0,(anonymous_11)
FNDA:0,(anonymous_12)
FNDA:0,(anonymous_13)
FNDA:0,(anonymous_14)
FNDA:0,(anonymous_15)
FNDA:0,(anonymous_16)
FNDA:0,(anonymous_17)
DA:1,0
DA:52,0
DA:53,0
DA:56,0
DA:191,0
DA:193,0
DA:196,0
DA:197,0
DA:199,0
DA:200,0
DA:204,0
DA:205,0
DA:206,0
DA:209,0
DA:210,0
DA:212,0
DA:218,0
DA:238,0
DA:241,0
DA:243,0
DA:244,0
DA:246,0
DA:261,0
DA:263,0
DA:264,0
DA:266,0
DA:267,0
DA:270,0
DA:271,0
DA:272,0
DA:274,0
DA:279,0
DA:291,0
DA:292,0
DA:293,0
DA:295,0
DA:296,0
DA:297,0
DA:298,0
DA:299,0
DA:301,0
DA:305,0
DA:312,0
DA:314,0
DA:315,0
DA:317,0
DA:318,0
DA:320,0
DA:327,0
DA:341,0
DA:342,0
DA:345,0
DA:355,0
DA:356,0
DA:357,0
DA:358,0
DA:359,0
DA:360,0
DA:361,0
DA:362,0
DA:364,0
LF:61
LH:0
BRDA:193,0,0,0
BRDA:193,0,1,0
BRDA:199,1,0,0
BRDA:199,1,1,0
BRDA:199,2,0,0
BRDA:199,2,1,0
BRDA:204,3,0,0
BRDA:204,3,1,0
BRDA:204,4,0,0
BRDA:204,4,1,0
BRDA:212,5,0,0
BRDA:212,5,1,0
BRDA:214,6,0,0
BRDA:214,6,1,0
BRDA:261,7,0,0
BRDA:261,7,1,0
BRDA:270,8,0,0
BRDA:270,8,1,0
BRDA:271,9,0,0
BRDA:271,9,1,0
BRDA:296,10,0,0
BRDA:296,10,1,0
BRDA:296,11,0,0
BRDA:296,11,1,0
BRDA:298,12,0,0
BRDA:298,12,1,0
BRDA:312,13,0,0
BRDA:312,13,1,0
BRDA:342,14,0,0
BRDA:342,14,1,0
BRDA:355,15,0,0
BRDA:355,15,1,0
BRDA:355,16,0,0
BRDA:355,16,1,0
BRDA:357,17,0,0
BRDA:357,17,1,0
BRDA:359,18,0,0
BRDA:359,18,1,0
BRDA:359,19,0,0
BRDA:359,19,1,0
BRDA:361,20,0,0
BRDA:361,20,1,0
BRF:42
BRH:0
end_of_record
TN:
SF:src\modules\cmm\cmm-building-profile.entity.ts
FN:13,(anonymous_2)
FN:24,(anonymous_3)
FNF:2
FNH:0
FNDA:0,(anonymous_2)
FNDA:0,(anonymous_3)
DA:1,0
DA:13,0
DA:14,0
DA:15,0
DA:16,0
DA:17,0
DA:18,0
DA:24,0
DA:25,0
DA:26,0
DA:27,0
DA:28,0
DA:29,0
DA:30,0
DA:40,0
DA:42,0
DA:45,0
DA:48,0
DA:56,0
DA:64,0
DA:67,0
DA:70,0
DA:79,0
DA:82,0
DA:91,0
DA:94,0
DA:103,0
DA:106,0
DA:116,0
DA:119,0
DA:129,0
DA:132,0
DA:136,0
DA:139,0
DA:142,0
DA:146,0
DA:149,0
LF:37
LH:0
BRDA:13,0,0,0
BRDA:13,0,1,0
BRDA:24,1,0,0
BRDA:24,1,1,0
BRDA:136,2,0,0
BRDA:136,2,1,0
BRDA:136,3,0,0
BRDA:136,3,1,0
BRDA:146,4,0,0
BRDA:146,4,1,0
BRDA:146,5,0,0
BRDA:146,5,1,0
BRDA:149,6,0,0
BRDA:149,6,1,0
BRDA:149,7,0,0
BRDA:149,7,1,0
BRF:16
BRH:0
end_of_record
TN:
SF:src\modules\cmm\cmm-material-master.entity.ts
FN:16,(anonymous_2)
FN:31,(anonymous_3)
FN:163,(anonymous_4)
FN:163,(anonymous_5)
FNF:4
FNH:0
FNDA:0,(anonymous_2)
FNDA:0,(anonymous_3)
FNDA:0,(anonymous_4)
FNDA:0,(anonymous_5)
DA:1,0
DA:11,0
DA:16,0
DA:17,0
DA:18,0
DA:19,0
DA:20,0
DA:21,0
DA:22,0
DA:23,0
DA:24,0
DA:25,0
DA:31,0
DA:32,0
DA:33,0
DA:34,0
DA:45,0
DA:47,0
DA:50,0
DA:53,0
DA:56,0
DA:63,0
DA:66,0
DA:69,0
DA:72,0
DA:75,0
DA:84,0
DA:93,0
DA:102,0
DA:112,0
DA:121,0
DA:130,0
DA:140,0
DA:143,0
DA:146,0
DA:150,0
DA:157,0
DA:160,0
DA:163,0
DA:166,0
DA:170,0
DA:173,0
DA:176,0
DA:179,0
DA:182,0
LF:45
LH:0
BRDA:16,0,0,0
BRDA:16,0,1,0
BRDA:31,1,0,0
BRDA:31,1,1,0
BRDA:146,2,0,0
BRDA:146,2,1,0
BRDA:146,3,0,0
BRDA:146,3,1,0
BRDA:170,4,0,0
BRDA:170,4,1,0
BRDA:170,5,0,0
BRDA:170,5,1,0
BRDA:176,6,0,0
BRDA:176,6,1,0
BRDA:176,7,0,0
BRDA:176,7,1,0
BRDA:182,8,0,0
BRDA:182,8,1,0
BRDA:182,9,0,0
BRDA:182,9,1,0
BRF:20
BRH:0
end_of_record
TN:
SF:src\modules\cmm\cmm-unit-conversion.entity.ts
FN:49,(anonymous_2)
FN:49,(anonymous_3)
FNF:2
FNH:0
FNDA:0,(anonymous_2)
FNDA:0,(anonymous_3)
DA:1,0
DA:10,0
DA:18,0
DA:20,0
DA:23,0
DA:26,0
DA:29,0
DA:37,0
DA:40,0
DA:43,0
DA:46,0
DA:49,0
DA:53,0
DA:56,0
LF:14
LH:0
BRDA:53,0,0,0
BRDA:53,0,1,0
BRDA:53,1,0,0
BRDA:53,1,1,0
BRDA:56,2,0,0
BRDA:56,2,1,0
BRDA:56,3,0,0
BRDA:56,3,1,0
BRF:8
BRH:0
end_of_record
TN:
SF:src\modules\cmm\cmm.controller.ts
FN:44,(anonymous_4)
FN:51,(anonymous_5)
FN:61,(anonymous_6)
FN:74,(anonymous_7)
FN:83,(anonymous_8)
FN:95,(anonymous_9)
FN:105,(anonymous_10)
FN:111,(anonymous_11)
FN:120,(anonymous_12)
FN:129,(anonymous_13)
FN:137,(anonymous_14)
FN:146,(anonymous_15)
FN:159,(anonymous_16)
FN:168,(anonymous_17)
FN:177,(anonymous_18)
FN:190,(anonymous_19)
FN:203,(anonymous_20)
FN:218,(anonymous_21)
FN:235,(anonymous_22)
FNF:19
FNH:0
FNDA:0,(anonymous_4)
FNDA:0,(anonymous_5)
FNDA:0,(anonymous_6)
FNDA:0,(anonymous_7)
FNDA:0,(anonymous_8)
FNDA:0,(anonymous_9)
FNDA:0,(anonymous_10)
FNDA:0,(anonymous_11)
FNDA:0,(anonymous_12)
FNDA:0,(anonymous_13)
FNDA:0,(anonymous_14)
FNDA:0,(anonymous_15)
FNDA:0,(anonymous_16)
FNDA:0,(anonymous_17)
FNDA:0,(anonymous_18)
FNDA:0,(anonymous_19)
FNDA:0,(anonymous_20)
FNDA:0,(anonymous_21)
FNDA:0,(anonymous_22)
DA:1,0
DA:15,0
DA:23,0
DA:24,0
DA:31,0
DA:37,0
DA:38,0
DA:39,0
DA:43,0
DA:44,0
DA:51,0
DA:52,0
DA:61,0
DA:62,0
DA:74,0
DA:77,0
DA:83,0
DA:84,0
DA:95,0
DA:98,0
DA:105,0
DA:106,0
DA:111,0
DA:112,0
DA:120,0
DA:121,0
DA:129,0
DA:130,0
DA:137,0
DA:138,0
DA:146,0
DA:150,0
DA:159,0
DA:160,0
DA:168,0
DA:169,0
DA:177,0
DA:178,0
DA:190,0
DA:193,0
DA:203,0
DA:206,0
DA:218,0
DA:224,0
DA:235,0
DA:236,0
LF:46
LH:0
BRDA:51,0,0,0
BRDA:51,0,1,0
BRDA:51,1,0,0
BRDA:51,1,1,0
BRDA:75,2,0,0
BRDA:75,2,1,0
BRDA:75,3,0,0
BRDA:75,3,1,0
BRDA:76,4,0,0
BRDA:76,4,1,0
BRDA:76,5,0,0
BRDA:76,5,1,0
BRDA:83,6,0,0
BRDA:83,6,1,0
BRDA:83,7,0,0
BRDA:83,7,1,0
BRDA:97,8,0,0
BRDA:97,8,1,0
BRDA:97,9,0,0
BRDA:97,9,1,0
BRDA:120,10,0,0
BRDA:120,10,1,0
BRDA:120,11,0,0
BRDA:120,11,1,0
BRDA:137,12,0,0
BRDA:137,12,1,0
BRDA:137,13,0,0
BRDA:137,13,1,0
BRDA:148,14,0,0
BRDA:148,14,1,0
BRDA:148,15,0,0
BRDA:148,15,1,0
BRDA:191,16,0,0
BRDA:191,16,1,0
BRDA:191,17,0,0
BRDA:191,17,1,0
BRDA:192,18,0,0
BRDA:192,18,1,0
BRDA:192,19,0,0
BRDA:192,19,1,0
BRDA:204,20,0,0
BRDA:204,20,1,0
BRDA:204,21,0,0
BRDA:204,21,1,0
BRDA:205,22,0,0
BRDA:205,22,1,0
BRDA:205,23,0,0
BRDA:205,23,1,0
BRDA:44,24,0,0
BRDA:44,24,1,0
BRDA:44,25,0,0
BRDA:44,25,1,0
BRF:52
BRH:0
end_of_record
TN:
SF:src\modules\cmm\cmm.module.ts
FNF:0
FNH:0
DA:1,0
DA:2,0
DA:5,0
DA:6,0
DA:7,0
DA:10,0
DA:20,0
DA:21,0
DA:46,0
LF:9
LH:0
BRF:0
BRH:0
end_of_record
TN:
SF:src\modules\cmm\cmm.seed.ts
FN:601,seedCmmData
FNF:1
FNH:0
FNDA:0,seedCmmData
DA:13,0
DA:18,0
DA:23,0
DA:27,0
DA:28,0
DA:34,0
DA:279,0
DA:496,0
DA:513,0
DA:601,0
DA:602,0
DA:604,0
DA:605,0
DA:606,0
DA:607,0
DA:608,0
DA:611,0
DA:612,0
DA:613,0
DA:614,0
DA:615,0
DA:616,0
DA:620,0
DA:621,0
DA:622,0
DA:623,0
DA:625,0
DA:628,0
DA:629,0
DA:630,0
DA:631,0
DA:633,0
DA:636,0
DA:637,0
DA:638,0
DA:639,0
DA:641,0
DA:644,0
DA:645,0
DA:646,0
DA:647,0
DA:649,0
DA:652,0
DA:653,0
DA:659,0
DA:660,0
DA:662,0
DA:666,0
LF:48
LH:0
BRDA:612,0,0,0
BRDA:612,0,1,0
BRF:2
BRH:0
end_of_record
TN:
SF:src\modules\cmm\cmm.service.ts
FN:59,(anonymous_13)
FN:84,(anonymous_14)
FN:109,(anonymous_15)
FN:127,(anonymous_16)
FN:149,(anonymous_17)
FN:162,(anonymous_18)
FN:166,(anonymous_19)
FN:185,(anonymous_20)
FN:282,(anonymous_21)
FN:338,(anonymous_22)
FN:350,(anonymous_23)
FN:356,(anonymous_24)
FN:378,(anonymous_25)
FN:404,(anonymous_26)
FN:417,(anonymous_27)
FN:433,(anonymous_28)
FN:452,(anonymous_29)
FN:472,(anonymous_30)
FN:487,(anonymous_31)
FN:498,(anonymous_32)
FN:509,(anonymous_33)
FN:524,(anonymous_34)
FN:533,(anonymous_35)
FN:540,(anonymous_36)
FN:544,(anonymous_37)
FN:552,(anonymous_38)
FN:576,(anonymous_39)
FN:672,(anonymous_40)
FN:690,(anonymous_41)
FN:700,(anonymous_42)
FN:742,(anonymous_43)
FNF:31
FNH:0
FNDA:0,(anonymous_13)
FNDA:0,(anonymous_14)
FNDA:0,(anonymous_15)
FNDA:0,(anonymous_16)
FNDA:0,(anonymous_17)
FNDA:0,(anonymous_18)
FNDA:0,(anonymous_19)
FNDA:0,(anonymous_20)
FNDA:0,(anonymous_21)
FNDA:0,(anonymous_22)
FNDA:0,(anonymous_23)
FNDA:0,(anonymous_24)
FNDA:0,(anonymous_25)
FNDA:0,(anonymous_26)
FNDA:0,(anonymous_27)
FNDA:0,(anonymous_28)
FNDA:0,(anonymous_29)
FNDA:0,(anonymous_30)
FNDA:0,(anonymous_31)
FNDA:0,(anonymous_32)
FNDA:0,(anonymous_33)
FNDA:0,(anonymous_34)
FNDA:0,(anonymous_35)
FNDA:0,(anonymous_36)
FNDA:0,(anonymous_37)
FNDA:0,(anonymous_38)
FNDA:0,(anonymous_39)
FNDA:0,(anonymous_40)
FNDA:0,(anonymous_41)
FNDA:0,(anonymous_42)
FNDA:0,(anonymous_43)
DA:1,0
DA:6,0
DA:7,0
DA:8,0
DA:10,0
DA:15,0
DA:19,0
DA:20,0
DA:37,0
DA:55,0
DA:57,0
DA:61,0
DA:63,0
DA:65,0
DA:67,0
DA:69,0
DA:71,0
DA:73,0
DA:75,0
DA:77,0
DA:79,0
DA:85,0
DA:90,0
DA:92,0
DA:93,0
DA:98,0
DA:99,0
DA:100,0
DA:105,0
DA:109,0
DA:117,0
DA:124,0
DA:128,0
DA:129,0
DA:130,0
DA:133,0
DA:138,0
DA:139,0
DA:140,0
DA:145,0
DA:149,0
DA:157,0
DA:163,0
DA:167,0
DA:170,0
DA:172,0
DA:175,0
DA:176,0
DA:178,0
DA:180,0
DA:188,0
DA:191,0
DA:197,0
DA:198,0
DA:204,0
DA:209,0
DA:215,0
DA:223,0
DA:225,0
DA:227,0
DA:228,0
DA:230,0
DA:231,0
DA:232,0
DA:237,0
DA:238,0
DA:246,0
DA:249,0
DA:254,0
DA:255,0
DA:259,0
DA:260,0
DA:261,0
DA:262,0
DA:266,0
DA:267,0
DA:269,0
DA:272,0
DA:274,0
DA:275,0
DA:276,0
DA:277,0
DA:278,0
DA:288,0
DA:295,0
DA:297,0
DA:299,0
DA:301,0
DA:302,0
DA:303,0
DA:305,0
DA:319,0
DA:320,0
DA:322,0
DA:335,0
DA:340,0
DA:347,0
DA:355,0
DA:356,0
DA:378,0
DA:391,0
DA:405,0
DA:406,0
DA:407,0
DA:409,0
DA:416,0
DA:417,0
DA:434,0
DA:439,0
DA:440,0
DA:443,0
DA:453,0
DA:454,0
DA:456,0
DA:457,0
DA:459,0
DA:468,0
DA:469,0
DA:470,0
DA:471,0
DA:473,0
DA:478,0
DA:488,0
DA:492,0
DA:493,0
DA:495,0
DA:499,0
DA:503,0
DA:504,0
DA:506,0
DA:511,0
DA:514,0
DA:515,0
DA:520,0
DA:521,0
DA:528,0
DA:529,0
DA:530,0
DA:534,0
DA:535,0
DA:541,0
DA:545,0
DA:546,0
DA:547,0
DA:549,0
DA:557,0
DA:562,0
DA:563,0
DA:564,0
DA:565,0
DA:566,0
DA:571,0
DA:580,0
DA:582,0
DA:583,0
DA:585,0
DA:591,0
DA:592,0
DA:598,0
DA:599,0
DA:600,0
DA:603,0
DA:610,0
DA:617,0
DA:626,0
DA:631,0
DA:641,0
DA:642,0
DA:651,0
DA:669,0
DA:679,0
DA:680,0
DA:682,0
DA:692,0
DA:693,0
DA:695,0
DA:706,0
DA:710,0
DA:711,0
DA:719,0
DA:723,0
DA:724,0
DA:725,0
DA:731,0
DA:749,0
DA:758,0
DA:759,0
DA:760,0
DA:764,0
DA:765,0
DA:766,0
DA:767,0
DA:768,0
DA:775,0
DA:776,0
DA:777,0
DA:778,0
DA:779,0
DA:786,0
DA:787,0
DA:788,0
DA:789,0
DA:790,0
DA:797,0
DA:798,0
DA:799,0
DA:800,0
DA:801,0
DA:808,0
DA:811,0
DA:812,0
DA:818,0
DA:819,0
DA:822,0
LF:214
LH:0
BRDA:129,0,0,0
BRDA:129,0,1,0
BRDA:170,1,0,0
BRDA:170,1,1,0
BRDA:175,2,0,0
BRDA:175,2,1,0
BRDA:191,3,0,0
BRDA:191,3,1,0
BRDA:197,4,0,0
BRDA:197,4,1,0
BRDA:199,5,0,0
BRDA:199,5,1,0
BRDA:254,6,0,0
BRDA:254,6,1,0
BRDA:260,7,0,0
BRDA:260,7,1,0
BRDA:266,8,0,0
BRDA:266,8,1,0
BRDA:288,9,0,0
BRDA:288,9,1,0
BRDA:299,10,0,0
BRDA:299,10,1,0
BRDA:299,11,0,0
BRDA:299,11,1,0
BRDA:347,12,0,0
BRDA:347,12,1,0
BRDA:358,13,0,0
BRDA:358,13,1,0
BRDA:359,14,0,0
BRDA:359,14,1,0
BRDA:360,15,0,0
BRDA:360,15,1,0
BRDA:371,16,0,0
BRDA:371,16,1,0
BRDA:372,17,0,0
BRDA:372,17,1,0
BRDA:384,18,0,0
BRDA:384,18,1,0
BRDA:385,19,0,0
BRDA:385,19,1,0
BRDA:386,20,0,0
BRDA:386,20,1,0
BRDA:387,21,0,0
BRDA:387,21,1,0
BRDA:400,22,0,0
BRDA:400,22,1,0
BRDA:406,23,0,0
BRDA:406,23,1,0
BRDA:407,24,0,0
BRDA:407,24,1,0
BRDA:412,25,0,0
BRDA:412,25,1,0
BRDA:413,26,0,0
BRDA:413,26,1,0
BRDA:428,27,0,0
BRDA:428,27,1,0
BRDA:429,28,0,0
BRDA:429,28,1,0
BRDA:439,29,0,0
BRDA:439,29,1,0
BRDA:445,30,0,0
BRDA:445,30,1,0
BRDA:446,31,0,0
BRDA:446,31,1,0
BRDA:453,32,0,0
BRDA:453,33,0,0
BRDA:456,34,0,0
BRDA:456,34,1,0
BRDA:457,35,0,0
BRDA:457,35,1,0
BRDA:469,36,0,0
BRDA:469,36,1,0
BRDA:473,37,0,0
BRDA:473,37,1,0
BRDA:492,38,0,0
BRDA:492,38,1,0
BRDA:503,39,0,0
BRDA:503,39,1,0
BRDA:514,40,0,0
BRDA:514,40,1,0
BRDA:546,41,0,0
BRDA:546,41,1,0
BRDA:564,42,0,0
BRDA:564,42,1,0
BRDA:565,43,0,0
BRDA:565,43,1,0
BRDA:565,44,0,0
BRDA:565,44,1,0
BRDA:571,45,0,0
BRDA:571,45,1,0
BRDA:582,46,0,0
BRDA:582,46,1,0
BRDA:591,47,0,0
BRDA:591,47,1,0
BRDA:598,48,0,0
BRDA:598,48,1,0
BRDA:626,49,0,0
BRDA:626,49,1,0
BRDA:627,50,0,0
BRDA:627,50,1,0
BRDA:627,50,2,0
BRDA:635,51,0,0
BRDA:635,51,1,0
BRDA:641,52,0,0
BRDA:641,52,1,0
BRDA:646,53,0,0
BRDA:646,53,1,0
BRDA:692,54,0,0
BRDA:692,54,1,0
BRDA:710,55,0,0
BRDA:710,55,1,0
BRDA:714,56,0,0
BRDA:714,56,1,0
BRDA:723,57,0,0
BRDA:723,57,1,0
BRDA:723,58,0,0
BRDA:723,58,1,0
BRDA:759,59,0,0
BRDA:759,59,1,0
BRDA:811,60,0,0
BRDA:811,60,1,0
BRDA:61,61,0,0
BRDA:61,61,1,0
BRDA:61,62,0,0
BRDA:61,62,1,0
BRDA:61,63,0,0
BRDA:61,63,1,0
BRDA:61,64,0,0
BRDA:61,64,1,0
BRDA:63,65,0,0
BRDA:63,65,1,0
BRDA:63,66,0,0
BRDA:63,66,1,0
BRDA:65,67,0,0
BRDA:65,67,1,0
BRDA:65,68,0,0
BRDA:65,68,1,0
BRDA:67,69,0,0
BRDA:67,69,1,0
BRDA:67,70,0,0
BRDA:67,70,1,0
BRDA:69,71,0,0
BRDA:69,71,1,0
BRDA:69,72,0,0
BRDA:69,72,1,0
BRDA:71,73,0,0
BRDA:71,73,1,0
BRDA:71,74,0,0
BRDA:71,74,1,0
BRDA:73,75,0,0
BRDA:73,75,1,0
BRDA:73,76,0,0
BRDA:73,76,1,0
BRDA:75,77,0,0
BRDA:75,77,1,0
BRDA:75,78,0,0
BRDA:75,78,1,0
BRDA:77,79,0,0
BRDA:77,79,1,0
BRDA:77,80,0,0
BRDA:77,80,1,0
BRF:161
BRH:0
end_of_record
TN:
SF:src\modules\cmm\index.ts
FNF:0
FNH:0
DA:1,0
DA:2,0
DA:3,0
DA:4,0
DA:5,0
DA:6,0
DA:7,0
LF:7
LH:0
BRF:0
BRH:0
end_of_record
TN:
SF:src\modules\cmm\run-seed.ts
FN:14,bootstrap
FN:39,(anonymous_1)
FN:43,(anonymous_2)
FNF:3
FNH:0
FNDA:0,bootstrap
FNDA:0,(anonymous_1)
FNDA:0,(anonymous_2)
DA:9,0
DA:10,0
DA:11,0
DA:12,0
DA:15,0
DA:17,0
DA:21,0
DA:22,0
DA:24,0
DA:25,0
DA:28,0
DA:30,0
DA:31,0
DA:33,0
DA:34,0
DA:38,0
DA:40,0
DA:41,0
DA:44,0
DA:45,0
LF:20
LH:0
BRDA:24,0,0,0
BRDA:24,0,1,0
BRF:2
BRH:0
end_of_record
TN:
SF:src\modules\cmm\dto\calculate.dto.ts
FNF:0
FNH:0
DA:1,0
DA:10,0
DA:11,0
DA:16,0
DA:19,0
DA:24,0
DA:30,0
DA:36,0
DA:41,0
DA:46,0
DA:51,0
DA:56,0
DA:60,0
DA:65,0
DA:71,0
DA:73,0
DA:76,0
DA:79,0
DA:82,0
DA:85,0
DA:91,0
DA:93,0
DA:96,0
DA:99,0
DA:102,0
DA:105,0
DA:108,0
DA:111,0
DA:114,0
DA:117,0
DA:124,0
DA:127,0
DA:130,0
LF:33
LH:0
BRDA:19,0,0,0
BRDA:19,0,1,0
BRDA:19,1,0,0
BRDA:19,1,1,0
BRDA:24,2,0,0
BRDA:24,2,1,0
BRDA:24,3,0,0
BRDA:24,3,1,0
BRDA:85,4,0,0
BRDA:85,4,1,0
BRDA:85,5,0,0
BRDA:85,5,1,0
BRDA:127,6,0,0
BRDA:127,6,1,0
BRDA:127,7,0,0
BRDA:127,7,1,0
BRF:16
BRH:0
end_of_record
TN:
SF:src\modules\cmm\dto\calculation.dto.ts
FN:14,(anonymous_2)
FN:62,(anonymous_3)
FN:137,(anonymous_4)
FN:143,(anonymous_5)
FNF:4
FNH:0
FNDA:0,(anonymous_2)
FNDA:0,(anonymous_3)
FNDA:0,(anonymous_4)
FNDA:0,(anonymous_5)
DA:1,0
DA:10,0
DA:11,0
DA:14,0
DA:15,0
DA:16,0
DA:20,0
DA:23,0
DA:27,0
DA:32,0
DA:36,0
DA:40,0
DA:45,0
DA:49,0
DA:53,0
DA:57,0
DA:62,0
DA:63,0
DA:68,0
DA:72,0
DA:96,0
DA:110,0
DA:123,0
DA:127,0
DA:132,0
DA:137,0
DA:138,0
DA:143,0
DA:144,0
DA:148,0
DA:154,0
DA:161,0
DA:167,0
LF:33
LH:0
BRDA:14,0,0,0
BRDA:14,0,1,0
BRDA:45,1,0,0
BRDA:45,1,1,0
BRDA:45,2,0,0
BRDA:45,2,1,0
BRF:6
BRH:0
end_of_record
TN:
SF:src\modules\cmm\dto\index.ts
FNF:0
FNH:0
DA:1,0
DA:2,0
DA:3,0
LF:3
LH:0
BRF:0
BRH:0
end_of_record
TN:
SF:src\modules\cmm\dto\material.dto.ts
FNF:0
FNH:0
DA:1,0
DA:10,0
DA:11,0
DA:16,0
DA:20,0
DA:25,0
DA:30,0
DA:34,0
DA:39,0
DA:44,0
DA:49,0
DA:54,0
DA:59,0
DA:64,0
DA:69,0
DA:74,0
DA:79,0
DA:84,0
DA:90,0
DA:95,0
DA:98,0
DA:103,0
DA:108,0
DA:113,0
DA:118,0
DA:123,0
DA:128,0
DA:133,0
DA:138,0
DA:143,0
DA:148,0
DA:153,0
DA:158,0
DA:163,0
DA:168,0
DA:171,0
DA:175,0
DA:180,0
DA:185,0
DA:191,0
DA:197,0
LF:41
LH:0
BRDA:34,0,0,0
BRDA:34,0,1,0
BRDA:34,1,0,0
BRDA:34,1,1,0
BRDA:113,2,0,0
BRDA:113,2,1,0
BRDA:113,3,0,0
BRDA:113,3,1,0
BRDA:158,4,0,0
BRDA:158,4,1,0
BRDA:158,5,0,0
BRDA:158,5,1,0
BRDA:175,6,0,0
BRDA:175,6,1,0
BRDA:175,7,0,0
BRDA:175,7,1,0
BRDA:180,8,0,0
BRDA:180,8,1,0
BRDA:180,9,0,0
BRDA:180,9,1,0
BRF:20
BRH:0
end_of_record
TN:
SF:src\modules\cmm\entities\cmm-calculation-run.entity.ts
FN:59,(anonymous_2)
FN:64,(anonymous_3)
FN:65,(anonymous_4)
FNF:3
FNH:0
FNDA:0,(anonymous_2)
FNDA:0,(anonymous_3)
FNDA:0,(anonymous_4)
DA:1,0
DA:10,0
DA:11,0
DA:17,0
DA:19,0
DA:22,0
DA:25,0
DA:28,0
DA:31,0
DA:34,0
DA:41,0
DA:44,0
DA:47,0
DA:50,0
DA:53,0
DA:56,0
DA:59,0
DA:61,0
DA:64,0
DA:65,0
DA:67,0
LF:21
LH:0
BRDA:53,0,0,0
BRDA:53,0,1,0
BRDA:53,1,0,0
BRDA:53,1,1,0
BRDA:61,2,0,0
BRDA:61,2,1,0
BRDA:61,3,0,0
BRDA:61,3,1,0
BRF:8
BRH:0
end_of_record
TN:
SF:src\modules\cmm\entities\cmm-category-l1.entity.ts
FN:38,(anonymous_2)
FN:38,(anonymous_3)
FN:43,(anonymous_4)
FNF:3
FNH:0
FNDA:0,(anonymous_2)
FNDA:0,(anonymous_3)
FNDA:0,(anonymous_4)
DA:1,0
DA:9,0
DA:15,0
DA:17,0
DA:20,0
DA:23,0
DA:26,0
DA:29,0
DA:32,0
DA:35,0
DA:38,0
DA:39,0
DA:43,0
DA:44,0
DA:45,0
DA:48,0
LF:16
LH:0
BRDA:32,0,0,0
BRDA:32,0,1,0
BRDA:32,1,0,0
BRDA:32,1,1,0
BRDA:35,2,0,0
BRDA:35,2,1,0
BRDA:35,3,0,0
BRDA:35,3,1,0
BRDA:43,4,0,0
BRDA:43,4,1,0
BRF:10
BRH:0
end_of_record
TN:
SF:src\modules\cmm\entities\cmm-category-l2.entity.ts
FN:47,(anonymous_2)
FN:47,(anonymous_3)
FN:51,(anonymous_4)
FN:51,(anonymous_5)
FNF:4
FNH:0
FNDA:0,(anonymous_2)
FNDA:0,(anonymous_3)
FNDA:0,(anonymous_4)
FNDA:0,(anonymous_5)
DA:1,0
DA:11,0
DA:12,0
DA:18,0
DA:20,0
DA:23,0
DA:26,0
DA:29,0
DA:32,0
DA:35,0
DA:38,0
DA:41,0
DA:44,0
DA:47,0
DA:49,0
DA:51,0
DA:52,0
LF:17
LH:0
BRDA:41,0,0,0
BRDA:41,0,1,0
BRDA:41,1,0,0
BRDA:41,1,1,0
BRDA:44,2,0,0
BRDA:44,2,1,0
BRDA:44,3,0,0
BRDA:44,3,1,0
BRDA:49,4,0,0
BRDA:49,4,1,0
BRDA:49,5,0,0
BRDA:49,5,1,0
BRF:12
BRH:0
end_of_record
TN:
SF:src\modules\cmm\entities\cmm-category-l3.entity.ts
FN:48,(anonymous_2)
FN:48,(anonymous_3)
FNF:2
FNH:0
FNDA:0,(anonymous_2)
FNDA:0,(anonymous_3)
DA:1,0
DA:10,0
DA:16,0
DA:18,0
DA:21,0
DA:24,0
DA:27,0
DA:30,0
DA:33,0
DA:36,0
DA:39,0
DA:42,0
DA:45,0
DA:48,0
DA:50,0
LF:15
LH:0
BRDA:30,0,0,0
BRDA:30,0,1,0
BRDA:30,1,0,0
BRDA:30,1,1,0
BRDA:42,2,0,0
BRDA:42,2,1,0
BRDA:42,3,0,0
BRDA:42,3,1,0
BRDA:45,4,0,0
BRDA:45,4,1,0
BRDA:45,5,0,0
BRDA:45,5,1,0
BRDA:50,6,0,0
BRDA:50,6,1,0
BRDA:50,7,0,0
BRDA:50,7,1,0
BRF:16
BRH:0
end_of_record
TN:
SF:src\modules\cmm\entities\cmm-conversion-rule.entity.ts
FN:12,(anonymous_2)
FN:75,(anonymous_3)
FN:75,(anonymous_4)
FNF:3
FNH:0
FNDA:0,(anonymous_2)
FNDA:0,(anonymous_3)
FNDA:0,(anonymous_4)
DA:1,0
DA:10,0
DA:12,0
DA:13,0
DA:14,0
DA:15,0
DA:16,0
DA:17,0
DA:18,0
DA:25,0
DA:27,0
DA:30,0
DA:33,0
DA:36,0
DA:39,0
DA:42,0
DA:45,0
DA:48,0
DA:51,0
DA:54,0
DA:57,0
DA:60,0
DA:63,0
DA:66,0
DA:69,0
DA:72,0
DA:75,0
DA:77,0
LF:28
LH:0
BRDA:12,0,0,0
BRDA:12,0,1,0
BRDA:69,1,0,0
BRDA:69,1,1,0
BRDA:69,2,0,0
BRDA:69,2,1,0
BRDA:72,3,0,0
BRDA:72,3,1,0
BRDA:72,4,0,0
BRDA:72,4,1,0
BRDA:77,5,0,0
BRDA:77,5,1,0
BRDA:77,6,0,0
BRDA:77,6,1,0
BRF:14
BRH:0
end_of_record
TN:
SF:src\modules\cmm\entities\cmm-material-breakdown.entity.ts
FN:90,(anonymous_2)
FN:90,(anonymous_3)
FNF:2
FNH:0
FNDA:0,(anonymous_2)
FNDA:0,(anonymous_3)
DA:1,0
DA:9,0
DA:15,0
DA:17,0
DA:20,0
DA:23,0
DA:26,0
DA:29,0
DA:32,0
DA:35,0
DA:38,0
DA:41,0
DA:44,0
DA:53,0
DA:56,0
DA:59,0
DA:62,0
DA:65,0
DA:74,0
DA:77,0
DA:80,0
DA:87,0
DA:90,0
DA:94,0
LF:24
LH:0
BRDA:87,0,0,0
BRDA:87,0,1,0
BRDA:87,1,0,0
BRDA:87,1,1,0
BRDA:94,2,0,0
BRDA:94,2,1,0
BRDA:94,3,0,0
BRDA:94,3,1,0
BRF:8
BRH:0
end_of_record
TN:
SF:src\modules\cmm\entities\cmm-rule-set.entity.ts
FN:40,(anonymous_2)
FN:40,(anonymous_3)
FNF:2
FNH:0
FNDA:0,(anonymous_2)
FNDA:0,(anonymous_3)
DA:1,0
DA:8,0
DA:14,0
DA:16,0
DA:19,0
DA:22,0
DA:25,0
DA:28,0
DA:31,0
DA:34,0
DA:37,0
DA:40,0
DA:41,0
LF:13
LH:0
BRDA:28,0,0,0
BRDA:28,0,1,0
BRDA:28,1,0,0
BRDA:28,1,1,0
BRDA:31,2,0,0
BRDA:31,2,1,0
BRDA:31,3,0,0
BRDA:31,3,1,0
BRDA:34,4,0,0
BRDA:34,4,1,0
BRDA:34,5,0,0
BRDA:34,5,1,0
BRF:12
BRH:0
end_of_record
TN:
SF:src\modules\cmm\entities\index.ts
FNF:0
FNH:0
DA:2,0
DA:3,0
DA:4,0
DA:5,0
DA:6,0
DA:7,0
DA:8,0
LF:7
LH:0
BRF:0
BRH:0
end_of_record
TN:
SF:src\modules\construction\construction.module.ts
FNF:0
FNH:0
DA:1,0
DA:2,0
DA:3,0
DA:4,0
DA:5,0
DA:6,0
DA:43,0
LF:7
LH:0
BRF:0
BRH:0
end_of_record
TN:
SF:src\modules\construction\diary\entities\index.ts
FNF:0
FNH:0
DA:1,0
LF:1
LH:0
BRF:0
BRH:0
end_of_record
TN:
SF:src\modules\construction\diary\entities\site-diary.entity.ts
FN:26,(anonymous_2)
FN:33,(anonymous_3)
FNF:2
FNH:0
FNDA:0,(anonymous_2)
FNDA:0,(anonymous_3)
DA:1,0
DA:11,0
DA:12,0
DA:19,0
DA:21,0
DA:24,0
DA:26,0
DA:28,0
DA:31,0
DA:33,0
DA:35,0
DA:38,0
DA:41,0
DA:50,0
DA:59,0
DA:62,0
DA:65,0
DA:68,0
DA:71,0
DA:78,0
DA:81,0
DA:84,0
DA:87,0
LF:23
LH:0
BRDA:28,0,0,0
BRDA:28,0,1,0
BRDA:28,1,0,0
BRDA:28,1,1,0
BRDA:35,2,0,0
BRDA:35,2,1,0
BRDA:35,3,0,0
BRDA:35,3,1,0
BRDA:38,4,0,0
BRDA:38,4,1,0
BRDA:38,5,0,0
BRDA:38,5,1,0
BRDA:84,6,0,0
BRDA:84,6,1,0
BRDA:84,7,0,0
BRDA:84,7,1,0
BRDA:87,8,0,0
BRDA:87,8,1,0
BRDA:87,9,0,0
BRDA:87,9,1,0
BRF:20
BRH:0
end_of_record
TN:
SF:src\modules\construction\safety\entities\index.ts
FNF:0
FNH:0
DA:1,0
LF:1
LH:0
BRF:0
BRH:0
end_of_record
TN:
SF:src\modules\construction\safety\entities\safety.entity.ts
FN:24,(anonymous_2)
FN:31,(anonymous_3)
FN:96,(anonymous_4)
FN:152,(anonymous_5)
FNF:4
FNH:0
FNDA:0,(anonymous_2)
FNDA:0,(anonymous_3)
FNDA:0,(anonymous_4)
FNDA:0,(anonymous_5)
DA:1,0
DA:10,0
DA:11,0
DA:17,0
DA:19,0
DA:22,0
DA:24,0
DA:26,0
DA:29,0
DA:31,0
DA:33,0
DA:36,0
DA:39,0
DA:49,0
DA:52,0
DA:55,0
DA:58,0
DA:61,0
DA:64,0
DA:67,0
DA:70,0
DA:73,0
DA:76,0
DA:79,0
DA:82,0
DA:89,0
DA:91,0
DA:94,0
DA:96,0
DA:98,0
DA:101,0
DA:104,0
DA:107,0
DA:114,0
DA:123,0
DA:126,0
DA:129,0
DA:132,0
DA:135,0
DA:138,0
DA:145,0
DA:147,0
DA:150,0
DA:152,0
DA:154,0
DA:157,0
DA:160,0
DA:171,0
DA:174,0
DA:177,0
DA:180,0
DA:183,0
DA:186,0
DA:189,0
DA:192,0
DA:195,0
DA:198,0
DA:201,0
DA:204,0
LF:59
LH:0
BRDA:26,0,0,0
BRDA:26,0,1,0
BRDA:26,1,0,0
BRDA:26,1,1,0
BRDA:33,2,0,0
BRDA:33,2,1,0
BRDA:33,3,0,0
BRDA:33,3,1,0
BRDA:61,4,0,0
BRDA:61,4,1,0
BRDA:61,5,0,0
BRDA:61,5,1,0
BRDA:73,6,0,0
BRDA:73,6,1,0
BRDA:73,7,0,0
BRDA:73,7,1,0
BRDA:79,8,0,0
BRDA:79,8,1,0
BRDA:79,9,0,0
BRDA:79,9,1,0
BRDA:82,10,0,0
BRDA:82,10,1,0
BRDA:82,11,0,0
BRDA:82,11,1,0
BRDA:98,12,0,0
BRDA:98,12,1,0
BRDA:98,13,0,0
BRDA:98,13,1,0
BRDA:101,14,0,0
BRDA:101,14,1,0
BRDA:101,15,0,0
BRDA:101,15,1,0
BRDA:138,16,0,0
BRDA:138,16,1,0
BRDA:138,17,0,0
BRDA:138,17,1,0
BRDA:154,18,0,0
BRDA:154,18,1,0
BRDA:154,19,0,0
BRDA:154,19,1,0
BRDA:157,20,0,0
BRDA:157,20,1,0
BRDA:157,21,0,0
BRDA:157,21,1,0
BRDA:201,22,0,0
BRDA:201,22,1,0
BRDA:201,23,0,0
BRDA:201,23,1,0
BRDA:204,24,0,0
BRDA:204,24,1,0
BRDA:204,25,0,0
BRDA:204,25,1,0
BRF:52
BRH:0
end_of_record
TN:
SF:src\modules\construction\subcontractors\entities\index.ts
FNF:0
FNH:0
DA:1,0
LF:1
LH:0
BRF:0
BRH:0
end_of_record
TN:
SF:src\modules\construction\subcontractors\entities\subcontractor.entity.ts
FN:24,(anonymous_2)
FN:67,(anonymous_3)
FN:74,(anonymous_4)
FN:135,(anonymous_5)
FNF:4
FNH:0
FNDA:0,(anonymous_2)
FNDA:0,(anonymous_3)
FNDA:0,(anonymous_4)
FNDA:0,(anonymous_5)
DA:1,0
DA:10,0
DA:11,0
DA:17,0
DA:19,0
DA:22,0
DA:24,0
DA:26,0
DA:29,0
DA:32,0
DA:35,0
DA:38,0
DA:41,0
DA:44,0
DA:47,0
DA:50,0
DA:53,0
DA:60,0
DA:62,0
DA:65,0
DA:67,0
DA:69,0
DA:72,0
DA:74,0
DA:76,0
DA:79,0
DA:82,0
DA:85,0
DA:88,0
DA:97,0
DA:106,0
DA:109,0
DA:112,0
DA:115,0
DA:118,0
DA:121,0
DA:128,0
DA:130,0
DA:133,0
DA:135,0
DA:137,0
DA:140,0
DA:143,0
DA:146,0
DA:155,0
DA:164,0
DA:173,0
DA:176,0
DA:179,0
DA:182,0
DA:185,0
DA:188,0
LF:52
LH:0
BRDA:26,0,0,0
BRDA:26,0,1,0
BRDA:26,1,0,0
BRDA:26,1,1,0
BRDA:35,2,0,0
BRDA:35,2,1,0
BRDA:35,3,0,0
BRDA:35,3,1,0
BRDA:38,4,0,0
BRDA:38,4,1,0
BRDA:38,5,0,0
BRDA:38,5,1,0
BRDA:50,6,0,0
BRDA:50,6,1,0
BRDA:50,7,0,0
BRDA:50,7,1,0
BRDA:53,8,0,0
BRDA:53,8,1,0
BRDA:53,9,0,0
BRDA:53,9,1,0
BRDA:69,10,0,0
BRDA:69,10,1,0
BRDA:69,11,0,0
BRDA:69,11,1,0
BRDA:109,12,0,0
BRDA:109,12,1,0
BRDA:109,13,0,0
BRDA:109,13,1,0
BRDA:112,14,0,0
BRDA:112,14,1,0
BRDA:112,15,0,0
BRDA:112,15,1,0
BRDA:118,16,0,0
BRDA:118,16,1,0
BRDA:118,17,0,0
BRDA:118,17,1,0
BRDA:121,18,0,0
BRDA:121,18,1,0
BRDA:121,19,0,0
BRDA:121,19,1,0
BRDA:143,20,0,0
BRDA:143,20,1,0
BRDA:143,21,0,0
BRDA:143,21,1,0
BRDA:182,22,0,0
BRDA:182,22,1,0
BRDA:182,23,0,0
BRDA:182,23,1,0
BRDA:188,24,0,0
BRDA:188,24,1,0
BRDA:188,25,0,0
BRDA:188,25,1,0
BRF:52
BRH:0
end_of_record
TN:
SF:src\modules\construction\wbs\entities\index.ts
FNF:0
FNH:0
DA:1,0
LF:1
LH:0
BRF:0
BRH:0
end_of_record
TN:
SF:src\modules\construction\wbs\entities\wbs.entity.ts
FN:29,(anonymous_2)
FN:122,(anonymous_3)
FNF:2
FNH:0
FNDA:0,(anonymous_2)
FNDA:0,(anonymous_3)
DA:1,0
DA:13,0
DA:22,0
DA:24,0
DA:27,0
DA:29,0
DA:31,0
DA:34,0
DA:37,0
DA:40,0
DA:43,0
DA:46,0
DA:49,0
DA:52,0
DA:61,0
DA:70,0
DA:79,0
DA:90,0
DA:93,0
DA:96,0
DA:99,0
DA:103,0
DA:106,0
DA:115,0
DA:117,0
DA:120,0
DA:122,0
DA:124,0
DA:127,0
DA:130,0
DA:133,0
DA:136,0
DA:139,0
DA:142,0
DA:145,0
LF:35
LH:0
BRDA:31,0,0,0
BRDA:31,0,1,0
BRDA:31,1,0,0
BRDA:31,1,1,0
BRDA:43,2,0,0
BRDA:43,2,1,0
BRDA:43,3,0,0
BRDA:43,3,1,0
BRDA:46,4,0,0
BRDA:46,4,1,0
BRDA:46,5,0,0
BRDA:46,5,1,0
BRDA:49,6,0,0
BRDA:49,6,1,0
BRDA:49,7,0,0
BRDA:49,7,1,0
BRDA:52,8,0,0
BRDA:52,8,1,0
BRDA:52,9,0,0
BRDA:52,9,1,0
BRDA:96,10,0,0
BRDA:96,10,1,0
BRDA:96,11,0,0
BRDA:96,11,1,0
BRDA:99,12,0,0
BRDA:99,12,1,0
BRDA:99,13,0,0
BRDA:99,13,1,0
BRDA:127,14,0,0
BRDA:127,14,1,0
BRDA:127,15,0,0
BRDA:127,15,1,0
BRDA:130,16,0,0
BRDA:130,16,1,0
BRDA:130,17,0,0
BRDA:130,17,1,0
BRDA:145,18,0,0
BRDA:145,18,1,0
BRDA:145,19,0,0
BRDA:145,19,1,0
BRF:40
BRH:0
end_of_record
TN:
SF:src\modules\contacts\contact.dto.ts
FNF:0
FNH:0
DA:1,0
DA:10,0
DA:11,0
DA:13,0
DA:15,0
DA:19,0
DA:23,0
DA:28,0
DA:33,0
DA:37,0
DA:42,0
DA:47,0
DA:52,0
DA:57,0
DA:61,0
DA:65,0
DA:69,0
DA:74,0
DA:77,0
DA:79,0
DA:82,0
DA:86,0
DA:90,0
DA:94,0
DA:98,0
DA:102,0
LF:26
LH:0
BRDA:15,0,0,0
BRDA:15,0,1,0
BRDA:15,1,0,0
BRDA:15,1,1,0
BRDA:37,2,0,0
BRDA:37,2,1,0
BRDA:37,3,0,0
BRDA:37,3,1,0
BRDA:82,4,0,0
BRDA:82,4,1,0
BRDA:82,5,0,0
BRDA:82,5,1,0
BRDA:94,6,0,0
BRDA:94,6,1,0
BRDA:94,7,0,0
BRDA:94,7,1,0
BRF:16
BRH:0
end_of_record
TN:
SF:src\modules\contacts\contact.entity.ts
FN:20,(anonymous_2)
FN:29,(anonymous_3)
FN:44,(anonymous_4)
FNF:3
FNH:0
FNDA:0,(anonymous_2)
FNDA:0,(anonymous_3)
FNDA:0,(anonymous_4)
DA:8,0
DA:20,0
DA:21,0
DA:22,0
DA:23,0
DA:29,0
DA:30,0
DA:31,0
DA:32,0
DA:33,0
DA:34,0
DA:35,0
DA:36,0
DA:37,0
DA:38,0
DA:44,0
DA:45,0
DA:46,0
DA:47,0
DA:48,0
DA:55,0
DA:57,0
DA:61,0
DA:64,0
DA:68,0
DA:71,0
DA:74,0
DA:81,0
DA:85,0
DA:88,0
DA:91,0
DA:94,0
DA:98,0
DA:101,0
DA:105,0
DA:108,0
DA:112,0
DA:115,0
DA:123,0
DA:126,0
DA:129,0
DA:133,0
DA:136,0
LF:43
LH:0
BRDA:20,0,0,0
BRDA:20,0,1,0
BRDA:29,1,0,0
BRDA:29,1,1,0
BRDA:44,2,0,0
BRDA:44,2,1,0
BRDA:126,3,0,0
BRDA:126,3,1,0
BRDA:126,4,0,0
BRDA:126,4,1,0
BRDA:133,5,0,0
BRDA:133,5,1,0
BRDA:133,6,0,0
BRDA:133,6,1,0
BRDA:136,7,0,0
BRDA:136,7,1,0
BRDA:136,8,0,0
BRDA:136,8,1,0
BRF:18
BRH:0
end_of_record
TN:
SF:src\modules\contacts\contacts.controller.ts
FN:29,(anonymous_4)
FN:34,(anonymous_5)
FN:41,(anonymous_6)
FN:51,(anonymous_7)
FN:57,(anonymous_8)
FN:63,(anonymous_9)
FN:69,(anonymous_10)
FNF:7
FNH:0
FNDA:0,(anonymous_4)
FNDA:0,(anonymous_5)
FNDA:0,(anonymous_6)
FNDA:0,(anonymous_7)
FNDA:0,(anonymous_8)
FNDA:0,(anonymous_9)
FNDA:0,(anonymous_10)
DA:1,0
DA:12,0
DA:13,0
DA:14,0
DA:19,0
DA:20,0
DA:21,0
DA:22,0
DA:28,0
DA:29,0
DA:34,0
DA:35,0
DA:41,0
DA:45,0
DA:51,0
DA:52,0
DA:57,0
DA:58,0
DA:63,0
DA:64,0
DA:69,0
DA:70,0
DA:71,0
LF:23
LH:0
BRDA:34,0,0,0
BRDA:34,0,1,0
BRDA:34,1,0,0
BRDA:34,1,1,0
BRDA:42,2,0,0
BRDA:42,2,1,0
BRDA:42,3,0,0
BRDA:42,3,1,0
BRDA:57,4,0,0
BRDA:57,4,1,0
BRDA:57,5,0,0
BRDA:57,5,1,0
BRDA:63,6,0,0
BRDA:63,6,1,0
BRDA:63,7,0,0
BRDA:63,7,1,0
BRDA:29,8,0,0
BRDA:29,8,1,0
BRDA:29,9,0,0
[...]
FN:95,(anonymous_10)
FN:130,(anonymous_11)
FN:142,(anonymous_12)
FN:170,(anonymous_13)
FN:184,(anonymous_14)
FN:202,(anonymous_15)
FN:207,(anonymous_16)
FNF:13
FNH:0
FNDA:0,(anonymous_4)
FNDA:0,(anonymous_5)
FNDA:0,(anonymous_6)
FNDA:0,(anonymous_7)
FNDA:0,(anonymous_8)
FNDA:0,(anonymous_9)
FNDA:0,(anonymous_10)
FNDA:0,(anonymous_11)
FNDA:0,(anonymous_12)
FNDA:0,(anonymous_13)
FNDA:0,(anonymous_14)
FNDA:0,(anonymous_15)
FNDA:0,(anonymous_16)
DA:1,0
DA:6,0
DA:7,0
DA:8,0
DA:23,0
DA:26,0
DA:28,0
DA:34,0
DA:35,0
DA:40,0
DA:41,0
DA:42,0
DA:43,0
DA:44,0
DA:49,0
DA:55,0
DA:59,0
DA:63,0
DA:64,0
DA:65,0
DA:72,0
DA:76,0
DA:80,0
DA:81,0
DA:82,0
DA:86,0
DA:87,0
DA:88,0
DA:90,0
DA:92,0
DA:99,0
DA:100,0
DA:105,0
DA:109,0
DA:112,0
DA:113,0
DA:116,0
DA:122,0
DA:123,0
DA:124,0
DA:127,0
DA:134,0
DA:135,0
DA:137,0
DA:138,0
DA:139,0
DA:146,0
DA:147,0
DA:152,0
DA:153,0
DA:154,0
DA:158,0
DA:159,0
DA:162,0
DA:163,0
DA:164,0
DA:165,0
DA:167,0
DA:171,0
DA:172,0
DA:178,0
DA:184,0
DA:202,0
DA:208,0
DA:209,0
LF:65
LH:0
BRDA:34,0,0,0
BRDA:34,1,0,0
BRDA:40,2,0,0
BRDA:40,2,1,0
BRDA:41,3,0,0
BRDA:41,3,1,0
BRDA:42,4,0,0
BRDA:42,4,1,0
BRDA:43,5,0,0
BRDA:43,5,1,0
BRDA:63,6,0,0
BRDA:63,6,1,0
BRDA:87,7,0,0
BRDA:87,7,1,0
BRDA:100,8,0,0
BRDA:100,8,1,0
BRDA:112,9,0,0
BRDA:112,9,1,0
BRDA:122,10,0,0
BRDA:122,10,1,0
BRDA:135,11,0,0
BRDA:135,11,1,0
BRDA:138,12,0,0
BRDA:138,12,1,0
BRDA:152,13,0,0
BRDA:152,13,1,0
BRDA:153,14,0,0
BRDA:153,14,1,0
BRDA:165,15,0,0
BRDA:165,15,1,0
BRDA:192,16,0,0
BRDA:192,16,1,0
BRDA:200,17,0,0
BRDA:200,17,1,0
BRDA:201,18,0,0
BRDA:201,18,1,0
BRDA:26,19,0,0
BRDA:26,19,1,0
BRDA:26,20,0,0
BRDA:26,20,1,0
BRDA:26,21,0,0
BRDA:26,21,1,0
BRDA:26,22,0,0
BRDA:26,22,1,0
BRF:44
BRH:0
end_of_record
TN:
SF:src\modules\supply-chain\shared\index.ts
FNF:0
FNH:0
DA:4,0
LF:1
LH:0
BRF:0
BRH:0
end_of_record
TN:
SF:src\modules\supply-chain\shared\supply-chain.enums.ts
FN:9,(anonymous_0)
FN:19,(anonymous_1)
FN:35,(anonymous_2)
FN:48,(anonymous_3)
FNF:4
FNH:0
FNDA:0,(anonymous_0)
FNDA:0,(anonymous_1)
FNDA:0,(anonymous_2)
FNDA:0,(anonymous_3)
DA:9,0
DA:10,0
DA:11,0
DA:12,0
DA:13,0
DA:19,0
DA:20,0
DA:21,0
DA:22,0
DA:23,0
DA:24,0
DA:25,0
DA:26,0
DA:27,0
DA:28,0
DA:29,0
DA:35,0
DA:36,0
DA:37,0
DA:38,0
DA:39,0
DA:40,0
DA:41,0
DA:42,0
DA:48,0
DA:49,0
DA:50,0
DA:51,0
DA:52,0
DA:53,0
DA:54,0
LF:31
LH:0
BRDA:9,0,0,0
BRDA:9,0,1,0
BRDA:19,1,0,0
BRDA:19,1,1,0
BRDA:35,2,0,0
BRDA:35,2,1,0
BRDA:48,3,0,0
BRDA:48,3,1,0
BRF:8
BRH:0
end_of_record
TN:
SF:src\modules\supply-chain\vendors\index.ts
FNF:0
FNH:0
DA:1,0
DA:2,0
DA:3,0
DA:4,0
DA:5,0
DA:6,0
DA:7,0
LF:7
LH:0
BRF:0
BRH:0
end_of_record
TN:
SF:src\modules\supply-chain\vendors\vendor-contact.entity.ts
FN:31,(anonymous_2)
FN:66,(anonymous_3)
FN:75,(anonymous_4)
FN:22,(anonymous_5)
FN:22,(anonymous_6)
FNF:5
FNH:0
FNDA:0,(anonymous_2)
FNDA:0,(anonymous_3)
FNDA:0,(anonymous_4)
FNDA:0,(anonymous_5)
FNDA:0,(anonymous_6)
DA:1,4
DA:11,4
DA:15,4
DA:17,4
DA:20,4
DA:22,0
DA:24,4
DA:28,4
DA:32,0
DA:36,4
DA:39,4
DA:42,4
DA:45,4
DA:48,4
DA:51,4
DA:54,4
DA:57,4
DA:60,4
DA:63,4
DA:67,0
DA:72,4
DA:76,0
DA:80,4
DA:83,4
DA:86,4
DA:89,4
DA:92,4
LF:27
LH:23
BRDA:24,0,0,0
BRDA:24,0,1,4
BRDA:24,1,0,4
BRDA:24,1,1,0
BRDA:83,2,0,4
BRDA:83,2,1,0
BRDA:83,3,0,4
BRDA:83,3,1,4
BRDA:89,4,0,4
BRDA:89,4,1,0
BRDA:89,5,0,4
BRDA:89,5,1,4
BRDA:92,6,0,4
BRDA:92,6,1,0
BRDA:92,7,0,4
BRDA:92,7,1,4
BRF:16
BRH:11
end_of_record
TN:
SF:src\modules\supply-chain\vendors\vendor-rating.entity.ts
FN:82,(anonymous_2)
FN:86,(anonymous_3)
FNF:2
FNH:0
FNDA:0,(anonymous_2)
FNDA:0,(anonymous_3)
DA:1,0
DA:10,0
DA:11,0
DA:22,0
DA:24,0
DA:27,0
DA:30,0
DA:33,0
DA:37,0
DA:40,0
DA:43,0
DA:46,0
DA:49,0
DA:53,0
DA:56,0
DA:59,0
DA:63,0
DA:66,0
DA:69,0
DA:73,0
DA:76,0
DA:79,0
DA:82,0
DA:84,0
DA:86,0
DA:88,0
LF:26
LH:0
BRDA:63,0,0,0
BRDA:63,0,1,0
BRDA:63,1,0,0
BRDA:63,1,1,0
BRDA:66,2,0,0
BRDA:66,2,1,0
BRDA:66,3,0,0
BRDA:66,3,1,0
BRDA:79,4,0,0
BRDA:79,4,1,0
BRDA:79,5,0,0
BRDA:79,5,1,0
BRDA:84,6,0,0
BRDA:84,6,1,0
BRDA:84,7,0,0
BRDA:84,7,1,0
BRDA:88,8,0,0
BRDA:88,8,1,0
BRDA:88,9,0,0
BRDA:88,9,1,0
BRF:20
BRH:0
end_of_record
TN:
SF:src\modules\supply-chain\vendors\vendor-trade.entity.ts
FN:14,(anonymous_2)
FN:37,(anonymous_3)
FN:52,(anonymous_4)
FN:52,(anonymous_5)
FNF:4
FNH:2
FNDA:4,(anonymous_2)
FNDA:4,(anonymous_3)
FNDA:0,(anonymous_4)
FNDA:0,(anonymous_5)
DA:1,4
DA:9,4
DA:14,4
DA:15,4
DA:16,4
DA:17,4
DA:18,4
DA:19,4
DA:20,4
DA:21,4
DA:22,4
DA:23,4
DA:24,4
DA:25,4
DA:26,4
DA:27,4
DA:28,4
DA:29,4
DA:30,4
DA:31,4
DA:32,4
DA:33,4
DA:34,4
DA:37,4
DA:38,4
DA:39,4
DA:45,4
DA:47,4
DA:50,4
DA:52,0
DA:54,4
DA:57,4
DA:60,4
DA:67,4
DA:70,4
LF:35
LH:34
BRDA:14,0,0,4
BRDA:14,0,1,4
BRDA:37,1,0,4
BRDA:37,1,1,4
BRDA:54,2,0,0
BRDA:54,2,1,4
BRDA:54,3,0,4
BRDA:54,3,1,0
BRF:8
BRH:6
end_of_record
TN:
SF:src\modules\supply-chain\vendors\vendor.dto.ts
FN:180,(anonymous_2)
FN:215,(anonymous_3)
FN:219,(anonymous_4)
FNF:3
FNH:0
FNDA:0,(anonymous_2)
FNDA:0,(anonymous_3)
FNDA:0,(anonymous_4)
DA:1,0
DA:10,0
DA:11,0
DA:12,0
DA:14,0
DA:17,0
DA:22,0
DA:26,0
DA:31,0
DA:36,0
DA:41,0
DA:46,0
DA:51,0
DA:55,0
DA:61,0
DA:66,0
DA:71,0
DA:76,0
DA:81,0
DA:85,0
DA:91,0
DA:95,0
DA:99,0
DA:103,0
DA:106,0
DA:110,0
DA:115,0
DA:119,0
DA:124,0
DA:129,0
DA:134,0
DA:139,0
DA:144,0
DA:148,0
DA:153,0
DA:158,0
DA:163,0
DA:168,0
DA:172,0
DA:176,0
DA:180,0
DA:181,0
DA:186,0
DA:190,0
DA:194,0
DA:198,0
DA:202,0
DA:206,0
DA:210,0
DA:213,0
DA:215,0
DA:216,0
DA:219,0
DA:220,0
DA:224,0
DA:228,0
DA:232,0
DA:236,0
DA:240,0
DA:243,0
DA:245,0
DA:249,0
DA:253,0
DA:257,0
LF:64
LH:0
BRDA:26,0,0,0
BRDA:26,0,1,0
BRDA:26,1,0,0
BRDA:26,1,1,0
BRDA:81,2,0,0
BRDA:81,2,1,0
BRDA:81,3,0,0
BRDA:81,3,1,0
BRDA:119,4,0,0
BRDA:119,4,1,0
BRDA:119,5,0,0
BRDA:119,5,1,0
BRDA:172,6,0,0
BRDA:172,6,1,0
BRDA:172,7,0,0
BRDA:172,7,1,0
BRDA:190,8,0,0
BRDA:190,8,1,0
BRDA:190,9,0,0
BRDA:190,9,1,0
BRDA:215,10,0,0
BRDA:215,10,1,0
BRDA:219,11,0,0
BRDA:219,11,1,0
BRDA:245,12,0,0
BRDA:245,12,1,0
BRDA:245,13,0,0
BRDA:245,13,1,0
BRDA:253,14,0,0
BRDA:253,14,1,0
BRDA:253,15,0,0
BRDA:253,15,1,0
BRF:32
BRH:0
end_of_record
TN:
SF:src\modules\supply-chain\vendors\vendor.entity.ts
FN:14,(anonymous_2)
FN:20,(anonymous_3)
FN:26,(anonymous_4)
FN:180,(anonymous_5)
FN:180,(anonymous_6)
FN:185,(anonymous_7)
FN:185,(anonymous_8)
FNF:7
FNH:3
FNDA:4,(anonymous_2)
FNDA:4,(anonymous_3)
FNDA:4,(anonymous_4)
FNDA:0,(anonymous_5)
FNDA:0,(anonymous_6)
FNDA:0,(anonymous_7)
FNDA:0,(anonymous_8)
DA:1,4
DA:11,4
DA:12,4
DA:14,4
DA:15,4
DA:16,4
DA:17,4
DA:20,4
DA:21,4
DA:22,4
DA:23,4
DA:26,4
DA:27,4
DA:28,4
DA:29,4
DA:30,4
DA:31,4
DA:38,4
DA:40,4
DA:43,4
DA:46,4
DA:49,4
DA:52,4
DA:55,4
DA:58,4
DA:61,4
DA:64,4
DA:67,4
DA:71,4
DA:74,4
DA:77,4
DA:80,4
DA:84,4
DA:87,4
DA:91,4
DA:100,4
DA:109,4
DA:118,4
DA:127,4
DA:130,4
DA:133,4
DA:136,4
DA:139,4
DA:148,4
DA:152,4
DA:155,4
DA:158,4
DA:162,4
DA:166,4
DA:169,4
DA:177,4
DA:180,0
DA:183,4
DA:185,0
DA:186,4
DA:190,4
DA:193,4
DA:196,4
DA:199,4
DA:202,4
LF:60
LH:58
BRDA:14,0,0,4
BRDA:14,0,1,4
BRDA:20,1,0,4
BRDA:20,1,1,4
BRDA:26,2,0,4
BRDA:26,2,1,4
BRDA:190,3,0,4
BRDA:190,3,1,0
BRDA:190,4,0,4
BRDA:190,4,1,4
BRDA:196,5,0,4
BRDA:196,5,1,0
BRDA:196,6,0,4
BRDA:196,6,1,4
BRDA:202,7,0,4
BRDA:202,7,1,0
BRDA:202,8,0,4
BRDA:202,8,1,4
BRF:18
BRH:15
end_of_record
TN:
SF:src\modules\supply-chain\vendors\vendors.controller.ts
FN:31,(anonymous_4)
FN:36,(anonymous_5)
FN:48,(anonymous_6)
FN:57,(anonymous_7)
FN:63,(anonymous_8)
FN:73,(anonymous_9)
FN:85,(anonymous_10)
FN:96,(anonymous_11)
FN:107,(anonymous_12)
FN:117,(anonymous_13)
FN:126,(anonymous_14)
FN:132,(anonymous_15)
FNF:12
FNH:0
FNDA:0,(anonymous_4)
FNDA:0,(anonymous_5)
FNDA:0,(anonymous_6)
FNDA:0,(anonymous_7)
FNDA:0,(anonymous_8)
FNDA:0,(anonymous_9)
FNDA:0,(anonymous_10)
FNDA:0,(anonymous_11)
FNDA:0,(anonymous_12)
FNDA:0,(anonymous_13)
FNDA:0,(anonymous_14)
FNDA:0,(anonymous_15)
DA:1,0
DA:13,0
DA:15,0
DA:16,0
DA:22,0
DA:23,0
DA:24,0
DA:30,0
DA:31,0
DA:36,0
DA:40,0
DA:41,0
DA:42,0
DA:48,0
DA:49,0
DA:50,0
DA:51,0
DA:57,0
DA:58,0
DA:63,0
DA:67,0
DA:68,0
DA:73,0
DA:78,0
DA:79,0
DA:80,0
DA:85,0
DA:90,0
DA:91,0
DA:96,0
DA:101,0
DA:102,0
DA:107,0
DA:111,0
DA:112,0
DA:117,0
DA:118,0
DA:119,0
DA:120,0
DA:126,0
DA:127,0
DA:132,0
DA:133,0
LF:43
LH:0
BRDA:40,0,0,0
BRDA:40,0,1,0
BRDA:49,1,0,0
BRDA:49,1,1,0
BRDA:67,2,0,0
BRDA:67,2,1,0
BRDA:78,3,0,0
BRDA:78,3,1,0
BRDA:90,4,0,0
BRDA:90,4,1,0
BRDA:101,5,0,0
BRDA:101,5,1,0
BRDA:111,6,0,0
BRDA:111,6,1,0
BRDA:118,7,0,0
BRDA:118,7,1,0
BRDA:37,8,0,0
BRDA:37,8,1,0
BRDA:37,9,0,0
BRDA:37,9,1,0
BRDA:64,10,0,0
BRDA:64,10,1,0
BRDA:64,11,0,0
BRDA:64,11,1,0
BRDA:75,12,0,0
BRDA:75,12,1,0
BRDA:75,13,0,0
BRDA:75,13,1,0
BRDA:126,14,0,0
BRDA:126,14,1,0
BRDA:126,15,0,0
BRDA:126,15,1,0
BRDA:31,16,0,0
BRDA:31,16,1,0
BRDA:31,17,0,0
BRDA:31,17,1,0
BRF:36
BRH:0
end_of_record
TN:
SF:src\modules\supply-chain\vendors\vendors.module.ts
FNF:0
FNH:0
DA:1,0
DA:2,0
DA:3,0
DA:4,0
DA:5,0
DA:6,0
DA:7,0
DA:8,0
DA:23,0
LF:9
LH:0
BRF:0
BRH:0
end_of_record
TN:
SF:src\modules\supply-chain\vendors\vendors.service.ts
FN:18,(anonymous_4)
FN:28,(anonymous_5)
FN:73,(anonymous_6)
FN:87,(anonymous_7)
FN:92,(anonymous_8)
FN:115,(anonymous_9)
FN:126,(anonymous_10)
FN:138,(anonymous_11)
FN:146,(anonymous_12)
FN:152,(anonymous_13)
FN:158,(anonymous_14)
FN:162,(anonymous_15)
FNF:12
FNH:0
FNDA:0,(anonymous_4)
FNDA:0,(anonymous_5)
FNDA:0,(anonymous_6)
FNDA:0,(anonymous_7)
FNDA:0,(anonymous_8)
FNDA:0,(anonymous_9)
FNDA:0,(anonymous_10)
FNDA:0,(anonymous_11)
FNDA:0,(anonymous_12)
FNDA:0,(anonymous_13)
FNDA:0,(anonymous_14)
FNDA:0,(anonymous_15)
DA:1,1
DA:2,1
DA:3,1
DA:4,1
DA:5,1
DA:6,1
DA:13,1
DA:14,1
DA:17,1
DA:20,0
DA:22,0
DA:24,0
DA:25,0
DA:41,0
DA:42,0
DA:46,0
DA:47,0
DA:48,0
DA:49,0
DA:50,0
DA:57,0
DA:60,0
DA:61,0
DA:64,0
DA:70,0
DA:78,0
DA:82,0
DA:83,0
DA:84,0
DA:89,0
DA:93,0
DA:94,0
DA:96,0
DA:101,0
DA:104,0
DA:105,0
DA:106,0
DA:112,0
DA:121,0
DA:122,0
DA:123,0
DA:131,0
DA:132,0
DA:133,0
DA:134,0
DA:135,0
DA:139,0
DA:140,0
DA:141,0
DA:142,0
DA:143,0
DA:147,0
DA:148,0
DA:153,0
DA:154,0
DA:155,0
DA:159,0
DA:167,0
DA:168,0
DA:169,0
DA:170,0
LF:61
LH:9
BRDA:34,0,0,0
BRDA:35,1,0,0
BRDA:46,2,0,0
BRDA:46,2,1,0
BRDA:47,3,0,0
BRDA:47,3,1,0
BRDA:48,4,0,0
BRDA:48,4,1,0
BRDA:49,5,0,0
BRDA:49,5,1,0
BRDA:57,6,0,0
BRDA:57,6,1,0
BRDA:60,7,0,0
BRDA:60,7,1,0
BRDA:60,8,0,0
BRDA:60,8,1,0
BRDA:60,8,2,0
BRDA:82,9,0,0
BRDA:82,9,1,0
BRDA:104,10,0,0
BRDA:104,10,1,0
BRDA:134,11,0,0
BRDA:134,11,1,0
BRDA:142,12,0,0
BRDA:142,12,1,0
BRDA:169,13,0,0
BRDA:169,13,1,0
BRDA:20,14,0,1
BRDA:20,14,1,0
BRDA:20,15,0,1
BRDA:20,15,1,1
BRDA:20,16,0,1
BRDA:20,16,1,0
BRDA:20,17,0,1
BRDA:20,17,1,1
BRDA:22,18,0,1
BRDA:22,18,1,0
BRDA:22,19,0,1
BRDA:22,19,1,1
BRDA:24,20,0,1
BRDA:24,20,1,0
BRDA:24,21,0,1
BRDA:24,21,1,1
BRF:43
BRH:12
end_of_record
TN:
SF:src\modules\users\user.dto.ts
FNF:0
FNH:0
DA:1,0
DA:11,0
DA:13,0
DA:17,0
DA:22,0
DA:26,0
DA:30,0
DA:35,0
DA:39,0
DA:42,0
DA:46,0
DA:51,0
DA:55,0
DA:59,0
DA:63,0
DA:66,0
DA:69,0
DA:73,0
DA:77,0
LF:19
LH:0
BRF:0
BRH:0
end_of_record
TN:
SF:src\modules\users\user.entity.ts
FNF:0
FNH:0
DA:1,0
DA:10,0
DA:12,0
DA:15,0
DA:18,0
DA:21,0
DA:24,0
DA:27,0
DA:30,0
DA:33,0
DA:36,0
DA:39,0
DA:42,0
DA:45,0
DA:48,0
DA:51,0
LF:16
LH:0
BRDA:39,0,0,0
BRDA:39,0,1,0
BRDA:39,1,0,0
BRDA:39,1,1,0
BRDA:42,2,0,0
BRDA:42,2,1,0
BRDA:42,3,0,0
BRDA:42,3,1,0
BRDA:48,4,0,0
BRDA:48,4,1,0
BRDA:48,5,0,0
BRDA:48,5,1,0
BRF:12
BRH:0
end_of_record
TN:
SF:src\modules\users\users.controller.ts
FN:24,(anonymous_4)
FN:29,(anonymous_5)
FN:36,(anonymous_6)
FN:43,(anonymous_7)
FN:50,(anonymous_8)
FN:57,(anonymous_9)
FNF:6
FNH:0
FNDA:0,(anonymous_4)
FNDA:0,(anonymous_5)
FNDA:0,(anonymous_6)
FNDA:0,(anonymous_7)
FNDA:0,(anonymous_8)
FNDA:0,(anonymous_9)
DA:1,0
DA:12,0
DA:13,0
DA:14,0
DA:15,0
DA:16,0
DA:17,0
DA:23,0
DA:24,0
DA:29,0
DA:30,0
DA:36,0
DA:37,0
DA:43,0
DA:44,0
DA:50,0
DA:51,0
DA:57,0
DA:58,0
LF:19
LH:0
BRDA:29,0,0,0
BRDA:29,0,1,0
BRDA:29,1,0,0
BRDA:29,1,1,0
BRDA:43,2,0,0
BRDA:43,2,1,0
BRDA:43,3,0,0
BRDA:43,3,1,0
BRDA:50,4,0,0
BRDA:50,4,1,0
BRDA:50,5,0,0
BRDA:50,5,1,0
BRDA:24,6,0,0
BRDA:24,6,1,0
BRDA:24,7,0,0
BRDA:24,7,1,0
BRF:16
BRH:0
end_of_record
TN:
SF:src\modules\users\users.module.ts
FNF:0
FNH:0
DA:1,0
DA:2,0
DA:3,0
DA:4,0
DA:5,0
DA:13,0
LF:6
LH:0
BRF:0
BRH:0
end_of_record
TN:
SF:src\modules\users\users.service.ts
FN:9,(anonymous_4)
FN:14,(anonymous_5)
FN:26,(anonymous_6)
FN:34,(anonymous_7)
FN:38,(anonymous_8)
FN:42,(anonymous_9)
FN:48,(anonymous_10)
FN:54,(anonymous_11)
FN:60,(anonymous_12)
FN:64,(anonymous_13)
FNF:10
FNH:0
FNDA:0,(anonymous_4)
FNDA:0,(anonymous_5)
FNDA:0,(anonymous_6)
FNDA:0,(anonymous_7)
FNDA:0,(anonymous_8)
FNDA:0,(anonymous_9)
FNDA:0,(anonymous_10)
FNDA:0,(anonymous_11)
FNDA:0,(anonymous_12)
FNDA:0,(anonymous_13)
DA:1,0
DA:2,0
DA:3,0
DA:4,0
DA:8,0
DA:11,0
DA:15,0
DA:16,0
DA:17,0
DA:18,0
DA:20,0
DA:27,0
DA:28,0
DA:29,0
DA:31,0
DA:35,0
DA:39,0
DA:43,0
DA:44,0
DA:45,0
DA:49,0
DA:50,0
DA:51,0
DA:55,0
DA:56,0
DA:57,0
DA:61,0
DA:65,0
DA:66,0
LF:29
LH:0
BRDA:16,0,0,0
BRDA:16,0,1,0
BRDA:17,1,0,0
BRDA:17,1,1,0
BRDA:18,2,0,0
BRDA:18,2,1,0
BRDA:21,3,0,0
BRDA:21,3,1,0
BRDA:28,4,0,0
BRDA:28,4,1,0
BRDA:11,5,0,0
BRDA:11,5,1,0
BRDA:11,6,0,0
BRDA:11,6,1,0
BRF:14
BRH:0
end_of_record
TN:
SF:src\modules\waste\waste.controller.ts
FN:35,(anonymous_4)
FN:42,(anonymous_5)
FN:49,(anonymous_6)
FN:55,(anonymous_7)
FN:64,(anonymous_8)
FN:73,(anonymous_9)
FN:80,(anonymous_10)
FN:88,(anonymous_11)
FN:94,(anonymous_12)
FN:100,(anonymous_13)
FN:106,(anonymous_14)
FN:117,(anonymous_15)
FNF:12
FNH:0
FNDA:0,(anonymous_4)
FNDA:0,(anonymous_5)
FNDA:0,(anonymous_6)
FNDA:0,(anonymous_7)
FNDA:0,(anonymous_8)
FNDA:0,(anonymous_9)
FNDA:0,(anonymous_10)
FNDA:0,(anonymous_11)
FNDA:0,(anonymous_12)
FNDA:0,(anonymous_13)
FNDA:0,(anonymous_14)
FNDA:0,(anonymous_15)
DA:1,0
DA:13,0
DA:14,0
DA:15,0
DA:22,0
DA:23,0
DA:24,0
DA:34,0
DA:35,0
DA:42,0
DA:43,0
DA:49,0
DA:50,0
DA:55,0
DA:59,0
DA:64,0
DA:68,0
DA:73,0
DA:74,0
DA:75,0
DA:80,0
DA:81,0
DA:88,0
DA:89,0
DA:94,0
DA:95,0
DA:100,0
DA:101,0
DA:106,0
DA:110,0
DA:117,0
DA:122,0
LF:32
LH:0
BRDA:81,0,0,0
BRDA:81,0,1,0
BRDA:42,1,0,0
BRDA:42,1,1,0
BRDA:42,2,0,0
BRDA:42,2,1,0
BRDA:56,3,0,0
BRDA:56,3,1,0
BRDA:56,4,0,0
BRDA:56,4,1,0
BRDA:66,5,0,0
BRDA:66,5,1,0
BRDA:66,6,0,0
BRDA:66,6,1,0
BRDA:100,7,0,0
BRDA:100,7,1,0
BRDA:100,8,0,0
BRDA:100,8,1,0
BRDA:108,9,0,0
BRDA:108,9,1,0
BRDA:108,10,0,0
BRDA:108,10,1,0
BRDA:35,11,0,0
BRDA:35,11,1,0
BRDA:35,12,0,0
BRDA:35,12,1,0
BRF:26
BRH:0
end_of_record
TN:
SF:src\modules\waste\waste.dto.ts
FN:39,(anonymous_2)
FN:68,(anonymous_3)
FN:73,(anonymous_4)
FN:78,(anonymous_5)
FN:104,(anonymous_6)
FN:156,(anonymous_7)
FN:162,(anonymous_8)
FN:168,(anonymous_9)
FN:174,(anonymous_10)
FN:209,(anonymous_11)
FN:220,(anonymous_12)
FN:225,(anonymous_13)
FNF:12
FNH:0
FNDA:0,(anonymous_2)
FNDA:0,(anonymous_3)
FNDA:0,(anonymous_4)
FNDA:0,(anonymous_5)
FNDA:0,(anonymous_6)
FNDA:0,(anonymous_7)
FNDA:0,(anonymous_8)
FNDA:0,(anonymous_9)
FNDA:0,(anonymous_10)
FNDA:0,(anonymous_11)
FNDA:0,(anonymous_12)
FNDA:0,(anonymous_13)
DA:7,0
DA:18,0
DA:22,0
DA:24,0
DA:28,0
DA:32,0
DA:35,0
DA:39,0
DA:40,0
DA:44,0
DA:49,0
DA:54,0
DA:59,0
DA:64,0
DA:68,0
DA:69,0
DA:73,0
DA:74,0
DA:78,0
DA:79,0
DA:83,0
DA:86,0
DA:90,0
DA:95,0
DA:99,0
DA:104,0
DA:105,0
DA:109,0
DA:114,0
DA:119,0
DA:124,0
DA:129,0
DA:134,0
DA:138,0
DA:143,0
DA:147,0
DA:152,0
DA:156,0
DA:157,0
DA:162,0
DA:163,0
DA:168,0
DA:169,0
DA:174,0
DA:175,0
DA:180,0
DA:184,0
DA:187,0
DA:189,0
DA:193,0
DA:197,0
DA:201,0
DA:205,0
DA:209,0
DA:210,0
DA:214,0
DA:216,0
DA:220,0
DA:221,0
DA:225,0
DA:226,0
DA:229,0
DA:233,0
LF:63
LH:0
BRDA:78,0,0,0
BRDA:78,0,1,0
BRDA:156,1,0,0
BRDA:156,1,1,0
BRDA:209,2,0,0
BRDA:209,2,1,0
BRF:6
BRH:0
end_of_record
TN:
SF:src\modules\waste\waste.entity.ts
FNF:0
FNH:0
DA:1,0
DA:18,0
DA:20,0
DA:23,0
DA:26,0
DA:29,0
DA:32,0
DA:35,0
DA:38,0
DA:41,0
DA:45,0
DA:48,0
DA:51,0
DA:55,0
DA:58,0
DA:61,0
DA:65,0
DA:68,0
DA:72,0
DA:75,0
DA:78,0
DA:82,0
DA:85,0
DA:88,0
DA:92,0
DA:95,0
DA:99,0
DA:102,0
DA:105,0
DA:109,0
DA:112,0
DA:116,0
DA:119,0
DA:122,0
DA:125,0
DA:128,0
DA:175,0
DA:177,0
DA:180,0
DA:183,0
DA:186,0
DA:189,0
DA:199,0
DA:202,0
DA:205,0
DA:208,0
DA:211,0
DA:214,0
DA:217,0
DA:220,0
LF:50
LH:0
BRDA:32,0,0,0
BRDA:32,0,1,0
BRDA:32,1,0,0
BRDA:32,1,1,0
BRDA:61,2,0,0
BRDA:61,2,1,0
BRDA:61,3,0,0
BRDA:61,3,1,0
BRDA:68,4,0,0
BRDA:68,4,1,0
BRDA:68,5,0,0
BRDA:68,5,1,0
BRDA:78,6,0,0
BRDA:78,6,1,0
BRDA:78,7,0,0
BRDA:78,7,1,0
BRDA:122,8,0,0
BRDA:122,8,1,0
BRDA:122,9,0,0
BRDA:122,9,1,0
BRDA:125,10,0,0
BRDA:125,10,1,0
BRDA:125,11,0,0
BRDA:125,11,1,0
BRDA:128,12,0,0
BRDA:128,12,1,0
BRDA:128,13,0,0
BRDA:128,13,1,0
BRDA:211,14,0,0
BRDA:211,14,1,0
BRDA:211,15,0,0
BRDA:211,15,1,0
BRDA:217,16,0,0
BRDA:217,16,1,0
BRDA:217,17,0,0
BRDA:217,17,1,0
BRDA:220,18,0,0
BRDA:220,18,1,0
BRDA:220,19,0,0
BRDA:220,19,1,0
BRF:40
BRH:0
end_of_record
TN:
SF:src\modules\waste\waste.module.ts
FNF:0
FNH:0
DA:1,0
DA:2,0
DA:3,0
DA:4,0
DA:5,0
DA:13,0
LF:6
LH:0
BRF:0
BRH:0
end_of_record
TN:
SF:src\modules\waste\waste.service.ts
FN:25,(anonymous_4)
FN:34,(anonymous_5)
FN:55,(anonymous_6)
FN:61,(anonymous_7)
FN:74,(anonymous_8)
FN:87,(anonymous_9)
FN:92,(anonymous_10)
FN:101,(anonymous_11)
FN:108,(anonymous_12)
FN:114,(anonymous_13)
FN:141,(anonymous_14)
FN:154,(anonymous_15)
FN:166,(anonymous_16)
FN:168,(anonymous_17)
FN:177,(anonymous_18)
FN:189,(anonymous_19)
FN:202,(anonymous_20)
FN:227,(anonymous_21)
FN:243,(anonymous_22)
FNF:19
FNH:0
FNDA:0,(anonymous_4)
FNDA:0,(anonymous_5)
FNDA:0,(anonymous_6)
FNDA:0,(anonymous_7)
FNDA:0,(anonymous_8)
FNDA:0,(anonymous_9)
FNDA:0,(anonymous_10)
FNDA:0,(anonymous_11)
FNDA:0,(anonymous_12)
FNDA:0,(anonymous_13)
FNDA:0,(anonymous_14)
FNDA:0,(anonymous_15)
FNDA:0,(anonymous_16)
FNDA:0,(anonymous_17)
FNDA:0,(anonymous_18)
FNDA:0,(anonymous_19)
FNDA:0,(anonymous_20)
FNDA:0,(anonymous_21)
FNDA:0,(anonymous_22)
DA:1,0
DA:6,0
DA:7,0
DA:14,0
DA:24,0
DA:27,0
DA:29,0
DA:35,0
DA:39,0
DA:40,0
DA:41,0
DA:42,0
DA:43,0
DA:44,0
DA:47,0
DA:48,0
DA:49,0
DA:50,0
DA:52,0
DA:56,0
DA:57,0
DA:58,0
DA:65,0
DA:71,0
DA:78,0
DA:79,0
DA:80,0
DA:81,0
DA:82,0
DA:83,0
DA:84,0
DA:88,0
DA:89,0
DA:93,0
DA:94,0
DA:95,0
DA:96,0
DA:102,0
DA:109,0
DA:110,0
DA:111,0
DA:117,0
DA:118,0
DA:120,0
DA:123,0
DA:124,0
DA:128,0
DA:135,0
DA:139,0
DA:141,0
DA:142,0
DA:147,0
DA:148,0
DA:149,0
DA:150,0
DA:151,0
DA:154,0
DA:166,0
DA:167,0
DA:168,0
DA:172,0
DA:177,0
DA:186,0
DA:193,0
DA:194,0
DA:195,0
DA:196,0
DA:197,0
DA:207,0
DA:212,0
DA:214,0
DA:215,0
DA:216,0
DA:218,0
DA:220,0
DA:221,0
DA:222,0
DA:223,0
DA:224,0
DA:225,0
DA:227,0
DA:228,0
DA:229,0
DA:230,0
DA:231,0
DA:233,0
DA:234,0
DA:235,0
DA:236,0
DA:237,0
DA:240,0
DA:243,0
LF:92
LH:0
BRDA:39,0,0,0
BRDA:39,0,1,0
BRDA:41,1,0,0
BRDA:41,1,1,0
BRDA:43,2,0,0
BRDA:43,2,1,0
BRDA:47,3,0,0
BRDA:47,3,1,0
BRDA:49,4,0,0
BRDA:49,4,1,0
BRDA:57,5,0,0
BRDA:57,5,1,0
BRDA:80,6,0,0
BRDA:80,6,1,0
BRDA:81,7,0,0
BRDA:81,7,1,0
BRDA:82,8,0,0
BRDA:82,8,1,0
BRDA:83,9,0,0
BRDA:83,9,1,0
BRDA:110,10,0,0
BRDA:110,10,1,0
BRDA:123,11,0,0
BRDA:123,11,1,0
BRDA:142,12,0,0
BRDA:142,12,1,0
BRDA:148,13,0,0
BRDA:148,13,1,0
BRDA:149,14,0,0
BRDA:149,14,1,0
BRDA:151,15,0,0
BRDA:151,15,1,0
BRDA:160,16,0,0
BRDA:160,16,1,0
BRDA:180,17,0,0
BRDA:180,17,1,0
BRDA:196,18,0,0
BRDA:196,18,1,0
BRDA:212,19,0,0
BRDA:212,19,1,0
BRDA:214,20,0,0
BRDA:214,20,1,0
BRDA:228,21,0,0
BRDA:228,21,1,0
BRDA:234,22,0,0
BRDA:234,22,1,0
BRDA:235,23,0,0
BRDA:235,23,1,0
BRDA:236,24,0,0
BRDA:236,24,1,0
BRDA:237,25,0,0
BRDA:237,25,1,0
BRDA:237,26,0,0
BRDA:237,26,1,0
BRDA:253,27,0,0
BRDA:253,27,1,0
BRDA:27,28,0,0
BRDA:27,28,1,0
BRDA:27,29,0,0
BRDA:27,29,1,0
BRDA:27,30,0,0
BRDA:27,30,1,0
BRDA:27,31,0,0
BRDA:27,31,1,0
BRF:64
BRH:0
end_of_record
TN:
SF:src\seeds\cmm-taxonomy.seed.ts
FN:11,(anonymous_0)
FNF:1
FNH:0
FNDA:0,(anonymous_0)
DA:2,0
DA:3,0
DA:4,0
DA:5,0
DA:6,0
DA:11,0
DA:12,0
DA:13,0
DA:14,0
DA:15,0
DA:16,0
DA:19,0
DA:20,0
DA:21,0
DA:22,0
DA:25,0
DA:28,0
DA:43,0
DA:44,0
DA:48,0
DA:123,0
DA:124,0
DA:128,0
DA:305,0
DA:306,0
DA:310,0
DA:317,0
DA:320,0
DA:383,0
DA:384,0
DA:387,0
LF:31
LH:0
BRDA:20,0,0,0
BRDA:20,0,1,0
BRF:2
BRH:0
end_of_record
TN:
SF:src\seeds\run-seeds.ts
FN:4,(anonymous_1)
FNF:1
FNH:0
FNDA:0,(anonymous_1)
DA:1,0
DA:2,0
DA:4,0
DA:5,0
DA:6,0
DA:7,0
DA:8,0
DA:11,0
DA:13,0
DA:14,0
DA:16,0
DA:17,0
DA:21,0
LF:13
LH:0
BRF:0
BRH:0
end_of_record
